TN:
SF:packages/api/controllers/dist/index.js
FN:7,(anonymous_0)
FN:12,get
FN:18,(anonymous_2)
FN:23,get
FN:29,(anonymous_4)
FN:34,get
FNF:6
FNH:6
FNDA:4,(anonymous_0)
FNDA:4,get
FNDA:4,(anonymous_2)
FNDA:4,get
FNDA:4,(anonymous_4)
FNDA:4,get
DA:3,1
DA:6,1
DA:7,1
DA:8,4
DA:9,4
DA:10,4
DA:13,4
DA:17,1
DA:18,1
DA:19,4
DA:20,4
DA:21,4
DA:24,4
DA:28,1
DA:29,1
DA:30,4
DA:31,4
DA:32,4
DA:35,4
LF:19
LH:19
BRDA:8,0,0,0
BRDA:8,0,1,4
BRDA:8,1,0,4
BRDA:8,1,1,4
BRDA:9,2,0,0
BRDA:9,2,1,4
BRDA:9,3,0,4
BRDA:9,3,1,0
BRDA:19,4,0,0
BRDA:19,4,1,4
BRDA:19,5,0,4
BRDA:19,5,1,4
BRDA:20,6,0,0
BRDA:20,6,1,4
BRDA:20,7,0,4
BRDA:20,7,1,0
BRDA:30,8,0,0
BRDA:30,8,1,4
BRDA:30,9,0,4
BRDA:30,9,1,4
BRDA:31,10,0,0
BRDA:31,10,1,4
BRDA:31,11,0,4
BRDA:31,11,1,0
BRF:24
BRH:15
end_of_record
TN:
SF:packages/api/controllers/dist/todo-list-item.controller.js
FN:3,_typeof
FN:3,(anonymous_1)
FN:3,(anonymous_2)
FN:11,_regeneratorRuntime
FN:11,_regeneratorRuntime
FN:11,(anonymous_5)
FN:11,define
FN:11,define
FN:11,wrap
FN:11,tryCatch
FN:11,Generator
FN:11,GeneratorFunction
FN:11,GeneratorFunctionPrototype
FN:11,(anonymous_13)
FN:11,defineIteratorMethods
FN:11,(anonymous_15)
FN:11,(anonymous_16)
FN:11,AsyncIterator
FN:11,invoke
FN:11,(anonymous_19)
FN:11,(anonymous_20)
FN:11,(anonymous_21)
FN:11,(anonymous_22)
FN:11,value
FN:11,callInvokeWithMethodAndArg
FN:11,(anonymous_25)
FN:11,makeInvokeMethod
FN:11,(anonymous_27)
FN:11,maybeInvokeDelegate
FN:11,pushTryEntry
FN:11,resetTryEntry
FN:11,Context
FN:11,values
FN:11,next
FN:11,doneResult
FN:11,(anonymous_35)
FN:11,(anonymous_36)
FN:11,(anonymous_37)
FN:11,(anonymous_38)
FN:11,(anonymous_39)
FN:11,(anonymous_40)
FN:11,(anonymous_41)
FN:11,(anonymous_42)
FN:11,(anonymous_43)
FN:11,next
FN:11,reset
FN:11,stop
FN:11,dispatchException
FN:11,handle
FN:11,abrupt
FN:11,complete
FN:11,finish
FN:11,_catch
FN:11,delegateYield
FN:12,asyncGeneratorStep
FN:13,_asyncToGenerator
FN:13,(anonymous_56)
FN:13,(anonymous_57)
FN:13,_next
FN:13,_throw
FN:14,(anonymous_60)
FN:15,_callee
FN:17,_callee$
FN:66,addNewListItem
FN:71,(anonymous_64)
FN:72,_callee2
FN:74,_callee2$
FN:121,deleteListItem
FN:126,(anonymous_68)
FN:127,_callee3
FN:129,_callee3$
FN:168,getTodoListItemById
FN:173,(anonymous_72)
FN:174,_callee4
FN:176,_callee4$
FN:218,updateListItem
FNF:76
FNH:12
FNDA:0,_typeof
FNDA:0,(anonymous_1)
FNDA:0,(anonymous_2)
FNDA:1,_regeneratorRuntime
FNDA:3,_regeneratorRuntime
FNDA:0,(anonymous_5)
FNDA:13,define
FNDA:0,define
FNDA:0,wrap
FNDA:0,tryCatch
FNDA:0,Generator
FNDA:0,GeneratorFunction
FNDA:0,GeneratorFunctionPrototype
FNDA:0,(anonymous_13)
FNDA:2,defineIteratorMethods
FNDA:6,(anonymous_15)
FNDA:0,(anonymous_16)
FNDA:0,AsyncIterator
FNDA:0,invoke
FNDA:0,(anonymous_19)
FNDA:0,(anonymous_20)
FNDA:0,(anonymous_21)
FNDA:0,(anonymous_22)
FNDA:0,value
FNDA:0,callInvokeWithMethodAndArg
FNDA:0,(anonymous_25)
FNDA:0,makeInvokeMethod
FNDA:0,(anonymous_27)
FNDA:0,maybeInvokeDelegate
FNDA:0,pushTryEntry
FNDA:0,resetTryEntry
FNDA:0,Context
FNDA:1,values
FNDA:0,next
FNDA:0,doneResult
FNDA:0,(anonymous_35)
FNDA:4,(anonymous_36)
FNDA:0,(anonymous_37)
FNDA:0,(anonymous_38)
FNDA:0,(anonymous_39)
FNDA:0,(anonymous_40)
FNDA:0,(anonymous_41)
FNDA:0,(anonymous_42)
FNDA:0,(anonymous_43)
FNDA:0,next
FNDA:0,reset
FNDA:0,stop
FNDA:0,dispatchException
FNDA:0,handle
FNDA:0,abrupt
FNDA:0,complete
FNDA:0,finish
FNDA:0,_catch
FNDA:0,delegateYield
FNDA:0,asyncGeneratorStep
FNDA:4,_asyncToGenerator
FNDA:0,(anonymous_56)
FNDA:0,(anonymous_57)
FNDA:0,_next
FNDA:0,_throw
FNDA:1,(anonymous_60)
FNDA:0,_callee
FNDA:0,_callee$
FNDA:0,addNewListItem
FNDA:1,(anonymous_64)
FNDA:0,_callee2
FNDA:0,_callee2$
FNDA:0,deleteListItem
FNDA:1,(anonymous_68)
FNDA:0,_callee3
FNDA:0,_callee3$
FNDA:0,getTodoListItemById
FNDA:1,(anonymous_72)
FNDA:0,_callee4
FNDA:0,_callee4$
FNDA:0,updateListItem
DA:3,0
DA:4,1
DA:7,1
DA:8,1
DA:9,1
DA:10,1
DA:11,13
DA:12,0
DA:13,4
DA:14,1
DA:15,1
DA:17,0
DA:18,0
DA:20,0
DA:21,0
DA:22,0
DA:23,0
DA:24,0
DA:27,0
DA:29,0
DA:30,0
DA:31,0
DA:36,0
DA:37,0
DA:38,0
DA:46,0
DA:49,0
DA:50,0
DA:51,0
DA:53,0
DA:54,0
DA:55,0
DA:59,0
DA:62,0
DA:66,1
DA:67,0
DA:70,1
DA:71,1
DA:72,1
DA:74,0
DA:75,0
DA:77,0
DA:78,0
DA:79,0
DA:80,0
DA:81,0
DA:84,0
DA:86,0
DA:87,0
DA:88,0
DA:92,0
DA:93,0
DA:101,0
DA:104,0
DA:105,0
DA:106,0
DA:108,0
DA:109,0
DA:110,0
DA:114,0
DA:117,0
DA:121,1
DA:122,0
DA:125,1
DA:126,1
DA:127,1
DA:129,0
DA:130,0
DA:132,0
DA:133,0
DA:134,0
DA:135,0
DA:136,0
DA:139,0
DA:141,0
DA:142,0
DA:143,0
DA:145,0
DA:146,0
DA:149,0
DA:150,0
DA:151,0
DA:153,0
DA:154,0
DA:155,0
DA:159,0
DA:164,0
DA:168,1
DA:169,0
DA:172,1
DA:173,1
DA:174,1
DA:176,0
DA:177,0
DA:179,0
DA:180,0
DA:181,0
DA:182,0
DA:183,0
DA:186,0
DA:188,0
DA:189,0
DA:190,0
DA:198,0
DA:201,0
DA:202,0
DA:203,0
DA:205,0
DA:206,0
DA:207,0
DA:211,0
DA:214,0
DA:218,1
DA:219,0
DA:222,1
LF:115
LH:23
BRDA:3,0,0,0
BRDA:3,0,1,0
BRDA:3,1,0,0
BRDA:3,1,1,0
BRDA:3,2,0,0
BRDA:3,2,1,0
BRDA:3,3,0,0
BRDA:3,3,1,0
BRDA:3,3,2,0
BRDA:3,3,3,0
BRDA:11,4,0,1
BRDA:11,4,1,0
BRDA:11,5,0,1
BRDA:11,5,1,0
BRDA:11,6,0,1
BRDA:11,6,1,0
BRDA:11,7,0,1
BRDA:11,7,1,0
BRDA:11,8,0,1
BRDA:11,8,1,0
BRDA:11,9,0,0
BRDA:11,9,1,0
BRDA:11,10,0,0
BRDA:11,10,1,0
BRDA:11,11,0,0
BRDA:11,11,1,0
BRDA:11,12,0,1
BRDA:11,12,1,1
BRDA:11,13,0,1
BRDA:11,13,1,1
BRDA:11,13,2,1
BRDA:11,13,3,1
BRDA:11,14,0,0
BRDA:11,14,1,0
BRDA:11,15,0,0
BRDA:11,15,1,0
BRDA:11,16,0,0
BRDA:11,16,1,0
BRDA:11,16,2,0
BRDA:11,17,0,0
BRDA:11,17,1,0
BRDA:11,18,0,0
BRDA:11,18,1,0
BRDA:11,19,0,0
BRDA:11,19,1,0
BRDA:11,20,0,0
BRDA:11,20,1,0
BRDA:11,21,0,0
BRDA:11,21,1,0
BRDA:11,22,0,0
BRDA:11,22,1,0
BRDA:11,23,0,0
BRDA:11,23,1,0
BRDA:11,24,0,0
BRDA:11,24,1,0
BRDA:11,25,0,0
BRDA:11,25,1,0
BRDA:11,26,0,0
BRDA:11,26,1,0
BRDA:11,27,0,0
BRDA:11,27,1,0
BRDA:11,28,0,0
BRDA:11,28,1,0
BRDA:11,29,0,0
BRDA:11,29,1,0
BRDA:11,30,0,0
BRDA:11,30,1,0
BRDA:11,31,0,0
BRDA:11,31,1,0
BRDA:11,32,0,0
BRDA:11,32,1,0
BRDA:11,33,0,0
BRDA:11,33,1,0
BRDA:11,33,2,0
BRDA:11,33,3,0
BRDA:11,33,4,0
BRDA:11,34,0,0
BRDA:11,34,1,0
BRDA:11,35,0,0
BRDA:11,35,1,0
BRDA:11,36,0,0
BRDA:11,36,1,0
BRDA:11,37,0,0
BRDA:11,37,1,0
BRDA:11,38,0,0
BRDA:11,38,1,0
BRDA:11,39,0,0
BRDA:11,39,1,0
BRDA:11,40,0,0
BRDA:11,40,1,0
BRDA:11,41,0,1
BRDA:11,41,1,0
BRDA:11,42,0,1
BRDA:11,42,1,0
BRDA:11,43,0,0
BRDA:11,43,1,0
BRDA:11,44,0,0
BRDA:11,44,1,0
BRDA:11,45,0,0
BRDA:11,45,1,0
BRDA:11,46,0,0
BRDA:11,46,1,0
BRDA:11,47,0,0
BRDA:11,47,1,0
BRDA:11,47,2,0
BRDA:11,48,0,0
BRDA:11,48,1,0
BRDA:11,49,0,4
BRDA:11,49,1,0
BRDA:11,50,0,0
BRDA:11,50,1,0
BRDA:11,51,0,0
BRDA:11,51,1,0
BRDA:11,52,0,0
BRDA:11,52,1,0
BRDA:11,53,0,0
BRDA:11,53,1,0
BRDA:11,54,0,0
BRDA:11,54,1,0
BRDA:11,55,0,0
BRDA:11,55,1,0
BRDA:11,55,2,0
BRDA:11,55,3,0
BRDA:11,56,0,0
BRDA:11,56,1,0
BRDA:11,57,0,0
BRDA:11,57,1,0
BRDA:11,58,0,0
BRDA:11,58,1,0
BRDA:11,59,0,0
BRDA:11,59,1,0
BRDA:11,60,0,0
BRDA:11,60,1,0
BRDA:11,61,0,0
BRDA:11,61,1,0
BRDA:11,62,0,0
BRDA:11,62,1,0
BRDA:11,63,0,0
BRDA:11,63,1,0
BRDA:11,64,0,0
BRDA:11,64,1,0
BRDA:11,65,0,0
BRDA:11,65,1,0
BRDA:11,66,0,0
BRDA:11,66,1,0
BRDA:11,67,0,0
BRDA:11,67,1,0
BRDA:11,68,0,0
BRDA:11,68,1,0
BRDA:11,69,0,0
BRDA:11,69,1,0
BRDA:11,70,0,0
BRDA:11,70,1,0
BRDA:11,70,2,0
BRDA:11,71,0,0
BRDA:11,71,1,0
BRDA:11,71,2,0
BRDA:11,71,3,0
BRDA:11,71,4,0
BRDA:11,71,5,0
BRDA:11,72,0,0
BRDA:11,72,1,0
BRDA:11,73,0,0
BRDA:11,73,1,0
BRDA:11,74,0,0
BRDA:11,74,1,0
BRDA:11,75,0,0
BRDA:11,75,1,0
BRDA:11,76,0,0
BRDA:11,76,1,0
BRDA:11,77,0,0
BRDA:11,77,1,0
BRDA:11,78,0,0
BRDA:11,78,1,0
BRDA:11,78,2,0
BRDA:11,79,0,0
BRDA:11,79,1,0
BRDA:11,80,0,0
BRDA:11,80,1,0
BRDA:11,81,0,0
BRDA:11,81,1,0
BRDA:11,82,0,0
BRDA:11,82,1,0
BRDA:12,83,0,0
BRDA:12,83,1,0
BRDA:18,84,0,0
BRDA:18,84,1,0
BRDA:18,84,2,0
BRDA:18,84,3,0
BRDA:18,84,4,0
BRDA:18,84,5,0
BRDA:23,85,0,0
BRDA:23,85,1,0
BRDA:75,86,0,0
BRDA:75,86,1,0
BRDA:75,86,2,0
BRDA:75,86,3,0
BRDA:75,86,4,0
BRDA:75,86,5,0
BRDA:80,87,0,0
BRDA:80,87,1,0
BRDA:130,88,0,0
BRDA:130,88,1,0
BRDA:130,88,2,0
BRDA:130,88,3,0
BRDA:130,88,4,0
BRDA:135,89,0,0
BRDA:135,89,1,0
BRDA:177,90,0,0
BRDA:177,90,1,0
BRDA:177,90,2,0
BRDA:177,90,3,0
BRDA:177,90,4,0
BRDA:182,91,0,0
BRDA:182,91,1,0
BRF:215
BRH:14
end_of_record
TN:
SF:packages/api/controllers/dist/todo-list.controller.js
FN:3,_typeof
FN:3,(anonymous_1)
FN:3,(anonymous_2)
FN:11,_regeneratorRuntime
FN:11,_regeneratorRuntime
FN:11,(anonymous_5)
FN:11,define
FN:11,define
FN:11,wrap
FN:11,tryCatch
FN:11,Generator
FN:11,GeneratorFunction
FN:11,GeneratorFunctionPrototype
FN:11,(anonymous_13)
FN:11,defineIteratorMethods
FN:11,(anonymous_15)
FN:11,(anonymous_16)
FN:11,AsyncIterator
FN:11,invoke
FN:11,(anonymous_19)
FN:11,(anonymous_20)
FN:11,(anonymous_21)
FN:11,(anonymous_22)
FN:11,value
FN:11,callInvokeWithMethodAndArg
FN:11,(anonymous_25)
FN:11,makeInvokeMethod
FN:11,(anonymous_27)
FN:11,maybeInvokeDelegate
FN:11,pushTryEntry
FN:11,resetTryEntry
FN:11,Context
FN:11,values
FN:11,next
FN:11,doneResult
FN:11,(anonymous_35)
FN:11,(anonymous_36)
FN:11,(anonymous_37)
FN:11,(anonymous_38)
FN:11,(anonymous_39)
FN:11,(anonymous_40)
FN:11,(anonymous_41)
FN:11,(anonymous_42)
FN:11,(anonymous_43)
FN:11,next
FN:11,reset
FN:11,stop
FN:11,dispatchException
FN:11,handle
FN:11,abrupt
FN:11,complete
FN:11,finish
FN:11,_catch
FN:11,delegateYield
FN:12,asyncGeneratorStep
FN:13,_asyncToGenerator
FN:13,(anonymous_56)
FN:13,(anonymous_57)
FN:13,_next
FN:13,_throw
FN:14,(anonymous_60)
FN:15,_callee
FN:17,_callee$
FN:65,addNewTodoList
FN:70,(anonymous_64)
FN:71,_callee2
FN:73,_callee2$
FN:109,deleteTodoList
FN:114,(anonymous_68)
FN:115,_callee3
FN:117,_callee3$
FN:154,getTodoListById
FN:159,(anonymous_72)
FN:160,_callee4
FN:162,_callee4$
FN:201,getAllTodoLists
FNF:76
FNH:12
FNDA:0,_typeof
FNDA:0,(anonymous_1)
FNDA:0,(anonymous_2)
FNDA:1,_regeneratorRuntime
FNDA:3,_regeneratorRuntime
FNDA:0,(anonymous_5)
FNDA:13,define
FNDA:0,define
FNDA:0,wrap
FNDA:0,tryCatch
FNDA:0,Generator
FNDA:0,GeneratorFunction
FNDA:0,GeneratorFunctionPrototype
FNDA:0,(anonymous_13)
FNDA:2,defineIteratorMethods
FNDA:6,(anonymous_15)
FNDA:0,(anonymous_16)
FNDA:0,AsyncIterator
FNDA:0,invoke
FNDA:0,(anonymous_19)
FNDA:0,(anonymous_20)
FNDA:0,(anonymous_21)
FNDA:0,(anonymous_22)
FNDA:0,value
FNDA:0,callInvokeWithMethodAndArg
FNDA:0,(anonymous_25)
FNDA:0,makeInvokeMethod
FNDA:0,(anonymous_27)
FNDA:0,maybeInvokeDelegate
FNDA:0,pushTryEntry
FNDA:0,resetTryEntry
FNDA:0,Context
FNDA:1,values
FNDA:0,next
FNDA:0,doneResult
FNDA:0,(anonymous_35)
FNDA:4,(anonymous_36)
FNDA:0,(anonymous_37)
FNDA:0,(anonymous_38)
FNDA:0,(anonymous_39)
FNDA:0,(anonymous_40)
FNDA:0,(anonymous_41)
FNDA:0,(anonymous_42)
FNDA:0,(anonymous_43)
FNDA:0,next
FNDA:0,reset
FNDA:0,stop
FNDA:0,dispatchException
FNDA:0,handle
FNDA:0,abrupt
FNDA:0,complete
FNDA:0,finish
FNDA:0,_catch
FNDA:0,delegateYield
FNDA:0,asyncGeneratorStep
FNDA:4,_asyncToGenerator
FNDA:0,(anonymous_56)
FNDA:0,(anonymous_57)
FNDA:0,_next
FNDA:0,_throw
FNDA:1,(anonymous_60)
FNDA:0,_callee
FNDA:0,_callee$
FNDA:0,addNewTodoList
FNDA:1,(anonymous_64)
FNDA:0,_callee2
FNDA:0,_callee2$
FNDA:0,deleteTodoList
FNDA:1,(anonymous_68)
FNDA:0,_callee3
FNDA:0,_callee3$
FNDA:0,getTodoListById
FNDA:1,(anonymous_72)
FNDA:0,_callee4
FNDA:0,_callee4$
FNDA:0,getAllTodoLists
DA:3,0
DA:4,1
DA:7,1
DA:8,1
DA:9,1
DA:10,1
DA:11,13
DA:12,0
DA:13,4
DA:14,1
DA:15,1
DA:17,0
DA:18,0
DA:20,0
DA:21,0
DA:22,0
DA:23,0
DA:24,0
DA:27,0
DA:29,0
DA:30,0
DA:31,0
DA:35,0
DA:36,0
DA:37,0
DA:45,0
DA:48,0
DA:49,0
DA:50,0
DA:52,0
DA:53,0
DA:54,0
DA:58,0
DA:61,0
DA:65,1
DA:66,0
DA:69,1
DA:70,1
DA:71,1
DA:73,0
DA:74,0
DA:76,0
DA:77,0
DA:78,0
DA:79,0
DA:80,0
DA:83,0
DA:85,0
DA:86,0
DA:89,0
DA:96,0
DA:99,0
DA:101,0
DA:105,0
DA:109,1
DA:110,0
DA:113,1
DA:114,1
DA:115,1
DA:117,0
DA:118,0
DA:120,0
DA:121,0
DA:122,0
DA:123,0
DA:124,0
DA:127,0
DA:129,0
DA:130,0
DA:131,0
DA:133,0
DA:134,0
DA:137,0
DA:138,0
DA:139,0
DA:141,0
DA:142,0
DA:143,0
DA:147,0
DA:150,0
DA:154,1
DA:155,0
DA:158,1
DA:159,1
DA:160,1
DA:162,0
DA:163,0
DA:165,0
DA:166,0
DA:167,0
DA:168,0
DA:169,0
DA:172,0
DA:174,0
DA:175,0
DA:176,0
DA:180,0
DA:181,0
DA:184,0
DA:185,0
DA:186,0
DA:188,0
DA:189,0
DA:190,0
DA:194,0
DA:197,0
DA:201,1
DA:202,0
DA:205,1
LF:109
LH:23
BRDA:3,0,0,0
BRDA:3,0,1,0
BRDA:3,1,0,0
BRDA:3,1,1,0
BRDA:3,2,0,0
BRDA:3,2,1,0
BRDA:3,3,0,0
BRDA:3,3,1,0
BRDA:3,3,2,0
BRDA:3,3,3,0
BRDA:11,4,0,1
BRDA:11,4,1,0
BRDA:11,5,0,1
BRDA:11,5,1,0
BRDA:11,6,0,1
BRDA:11,6,1,0
BRDA:11,7,0,1
BRDA:11,7,1,0
BRDA:11,8,0,1
BRDA:11,8,1,0
BRDA:11,9,0,0
BRDA:11,9,1,0
BRDA:11,10,0,0
BRDA:11,10,1,0
BRDA:11,11,0,0
BRDA:11,11,1,0
BRDA:11,12,0,1
BRDA:11,12,1,1
BRDA:11,13,0,1
BRDA:11,13,1,1
BRDA:11,13,2,1
BRDA:11,13,3,1
BRDA:11,14,0,0
BRDA:11,14,1,0
BRDA:11,15,0,0
BRDA:11,15,1,0
BRDA:11,16,0,0
BRDA:11,16,1,0
BRDA:11,16,2,0
BRDA:11,17,0,0
BRDA:11,17,1,0
BRDA:11,18,0,0
BRDA:11,18,1,0
BRDA:11,19,0,0
BRDA:11,19,1,0
BRDA:11,20,0,0
BRDA:11,20,1,0
BRDA:11,21,0,0
BRDA:11,21,1,0
BRDA:11,22,0,0
BRDA:11,22,1,0
BRDA:11,23,0,0
BRDA:11,23,1,0
BRDA:11,24,0,0
BRDA:11,24,1,0
BRDA:11,25,0,0
BRDA:11,25,1,0
BRDA:11,26,0,0
BRDA:11,26,1,0
BRDA:11,27,0,0
BRDA:11,27,1,0
BRDA:11,28,0,0
BRDA:11,28,1,0
BRDA:11,29,0,0
BRDA:11,29,1,0
BRDA:11,30,0,0
BRDA:11,30,1,0
BRDA:11,31,0,0
BRDA:11,31,1,0
BRDA:11,32,0,0
BRDA:11,32,1,0
BRDA:11,33,0,0
BRDA:11,33,1,0
BRDA:11,33,2,0
BRDA:11,33,3,0
BRDA:11,33,4,0
BRDA:11,34,0,0
BRDA:11,34,1,0
BRDA:11,35,0,0
BRDA:11,35,1,0
BRDA:11,36,0,0
BRDA:11,36,1,0
BRDA:11,37,0,0
BRDA:11,37,1,0
BRDA:11,38,0,0
BRDA:11,38,1,0
BRDA:11,39,0,0
BRDA:11,39,1,0
BRDA:11,40,0,0
BRDA:11,40,1,0
BRDA:11,41,0,1
BRDA:11,41,1,0
BRDA:11,42,0,1
BRDA:11,42,1,0
BRDA:11,43,0,0
BRDA:11,43,1,0
BRDA:11,44,0,0
BRDA:11,44,1,0
BRDA:11,45,0,0
BRDA:11,45,1,0
BRDA:11,46,0,0
BRDA:11,46,1,0
BRDA:11,47,0,0
BRDA:11,47,1,0
BRDA:11,47,2,0
BRDA:11,48,0,0
BRDA:11,48,1,0
BRDA:11,49,0,4
BRDA:11,49,1,0
BRDA:11,50,0,0
BRDA:11,50,1,0
BRDA:11,51,0,0
BRDA:11,51,1,0
BRDA:11,52,0,0
BRDA:11,52,1,0
BRDA:11,53,0,0
BRDA:11,53,1,0
BRDA:11,54,0,0
BRDA:11,54,1,0
BRDA:11,55,0,0
BRDA:11,55,1,0
BRDA:11,55,2,0
BRDA:11,55,3,0
BRDA:11,56,0,0
BRDA:11,56,1,0
BRDA:11,57,0,0
BRDA:11,57,1,0
BRDA:11,58,0,0
BRDA:11,58,1,0
BRDA:11,59,0,0
BRDA:11,59,1,0
BRDA:11,60,0,0
BRDA:11,60,1,0
BRDA:11,61,0,0
BRDA:11,61,1,0
BRDA:11,62,0,0
BRDA:11,62,1,0
BRDA:11,63,0,0
BRDA:11,63,1,0
BRDA:11,64,0,0
BRDA:11,64,1,0
BRDA:11,65,0,0
BRDA:11,65,1,0
BRDA:11,66,0,0
BRDA:11,66,1,0
BRDA:11,67,0,0
BRDA:11,67,1,0
BRDA:11,68,0,0
BRDA:11,68,1,0
BRDA:11,69,0,0
BRDA:11,69,1,0
BRDA:11,70,0,0
BRDA:11,70,1,0
BRDA:11,70,2,0
BRDA:11,71,0,0
BRDA:11,71,1,0
BRDA:11,71,2,0
BRDA:11,71,3,0
BRDA:11,71,4,0
BRDA:11,71,5,0
BRDA:11,72,0,0
BRDA:11,72,1,0
BRDA:11,73,0,0
BRDA:11,73,1,0
BRDA:11,74,0,0
BRDA:11,74,1,0
BRDA:11,75,0,0
BRDA:11,75,1,0
BRDA:11,76,0,0
BRDA:11,76,1,0
BRDA:11,77,0,0
BRDA:11,77,1,0
BRDA:11,78,0,0
BRDA:11,78,1,0
BRDA:11,78,2,0
BRDA:11,79,0,0
BRDA:11,79,1,0
BRDA:11,80,0,0
BRDA:11,80,1,0
BRDA:11,81,0,0
BRDA:11,81,1,0
BRDA:11,82,0,0
BRDA:11,82,1,0
BRDA:12,83,0,0
BRDA:12,83,1,0
BRDA:18,84,0,0
BRDA:18,84,1,0
BRDA:18,84,2,0
BRDA:18,84,3,0
BRDA:18,84,4,0
BRDA:18,84,5,0
BRDA:23,85,0,0
BRDA:23,85,1,0
BRDA:74,86,0,0
BRDA:74,86,1,0
BRDA:74,86,2,0
BRDA:79,87,0,0
BRDA:79,87,1,0
BRDA:118,88,0,0
BRDA:118,88,1,0
BRDA:118,88,2,0
BRDA:118,88,3,0
BRDA:118,88,4,0
BRDA:123,89,0,0
BRDA:123,89,1,0
BRDA:163,90,0,0
BRDA:163,90,1,0
BRDA:163,90,2,0
BRDA:163,90,3,0
BRDA:163,90,4,0
BRDA:168,91,0,0
BRDA:168,91,1,0
BRF:212
BRH:14
end_of_record
TN:
SF:packages/api/controllers/dist/user.controller.js
FN:3,_typeof
FN:3,(anonymous_1)
FN:3,(anonymous_2)
FN:13,_interopRequireDefault
FN:14,_regeneratorRuntime
FN:14,_regeneratorRuntime
FN:14,(anonymous_6)
FN:14,define
FN:14,define
FN:14,wrap
FN:14,tryCatch
FN:14,Generator
FN:14,GeneratorFunction
FN:14,GeneratorFunctionPrototype
FN:14,(anonymous_14)
FN:14,defineIteratorMethods
FN:14,(anonymous_16)
FN:14,(anonymous_17)
FN:14,AsyncIterator
FN:14,invoke
FN:14,(anonymous_20)
FN:14,(anonymous_21)
FN:14,(anonymous_22)
FN:14,(anonymous_23)
FN:14,value
FN:14,callInvokeWithMethodAndArg
FN:14,(anonymous_26)
FN:14,makeInvokeMethod
FN:14,(anonymous_28)
FN:14,maybeInvokeDelegate
FN:14,pushTryEntry
FN:14,resetTryEntry
FN:14,Context
FN:14,values
FN:14,next
FN:14,doneResult
FN:14,(anonymous_36)
FN:14,(anonymous_37)
FN:14,(anonymous_38)
FN:14,(anonymous_39)
FN:14,(anonymous_40)
FN:14,(anonymous_41)
FN:14,(anonymous_42)
FN:14,(anonymous_43)
FN:14,(anonymous_44)
FN:14,next
FN:14,reset
FN:14,stop
FN:14,dispatchException
FN:14,handle
FN:14,abrupt
FN:14,complete
FN:14,finish
FN:14,_catch
FN:14,delegateYield
FN:15,asyncGeneratorStep
FN:16,_asyncToGenerator
FN:16,(anonymous_57)
FN:16,(anonymous_58)
FN:16,_next
FN:16,_throw
FN:25,(anonymous_61)
FN:26,_callee
FN:28,_callee$
FN:75,createNewUser
FN:80,(anonymous_65)
FN:81,_callee2
FN:83,_callee2$
FN:145,loginUser
FN:150,(anonymous_69)
FN:151,_callee3
FN:153,_callee3$
FN:175,logoutUser
FN:180,(anonymous_73)
FN:181,_callee4
FN:183,_callee4$
FN:226,updateUserProfile
FNF:77
FNH:41
FNDA:0,_typeof
FNDA:0,(anonymous_1)
FNDA:0,(anonymous_2)
FNDA:2,_interopRequireDefault
FNDA:1,_regeneratorRuntime
FNDA:9,_regeneratorRuntime
FNDA:0,(anonymous_6)
FNDA:13,define
FNDA:0,define
FNDA:6,wrap
FNDA:18,tryCatch
FNDA:0,Generator
FNDA:0,GeneratorFunction
FNDA:0,GeneratorFunctionPrototype
FNDA:0,(anonymous_14)
FNDA:2,defineIteratorMethods
FNDA:6,(anonymous_16)
FNDA:15,(anonymous_17)
FNDA:0,AsyncIterator
FNDA:0,invoke
FNDA:0,(anonymous_20)
FNDA:0,(anonymous_21)
FNDA:0,(anonymous_22)
FNDA:0,(anonymous_23)
FNDA:0,value
FNDA:0,callInvokeWithMethodAndArg
FNDA:0,(anonymous_26)
FNDA:6,makeInvokeMethod
FNDA:15,(anonymous_28)
FNDA:0,maybeInvokeDelegate
FNDA:2,pushTryEntry
FNDA:8,resetTryEntry
FNDA:6,Context
FNDA:1,values
FNDA:0,next
FNDA:0,doneResult
FNDA:0,(anonymous_36)
FNDA:4,(anonymous_37)
FNDA:0,(anonymous_38)
FNDA:0,(anonymous_39)
FNDA:0,(anonymous_40)
FNDA:0,(anonymous_41)
FNDA:0,(anonymous_42)
FNDA:0,(anonymous_43)
FNDA:0,(anonymous_44)
FNDA:0,next
FNDA:6,reset
FNDA:6,stop
FNDA:0,dispatchException
FNDA:0,handle
FNDA:6,abrupt
FNDA:6,complete
FNDA:0,finish
FNDA:0,_catch
FNDA:0,delegateYield
FNDA:15,asyncGeneratorStep
FNDA:4,_asyncToGenerator
FNDA:6,(anonymous_57)
FNDA:6,(anonymous_58)
FNDA:15,_next
FNDA:0,_throw
FNDA:1,(anonymous_61)
FNDA:1,_callee
FNDA:3,_callee$
FNDA:1,createNewUser
FNDA:1,(anonymous_65)
FNDA:3,_callee2
FNDA:12,_callee2$
FNDA:3,loginUser
FNDA:1,(anonymous_69)
FNDA:1,_callee3
FNDA:1,_callee3$
FNDA:1,logoutUser
FNDA:1,(anonymous_73)
FNDA:1,_callee4
FNDA:2,_callee4$
FNDA:1,updateUserProfile
DA:3,0
DA:4,1
DA:7,1
DA:8,1
DA:9,1
DA:10,1
DA:11,1
DA:12,1
DA:13,2
DA:14,18
DA:15,15
DA:16,15
DA:17,1
DA:25,1
DA:26,1
DA:28,1
DA:29,4
DA:31,1
DA:32,1
DA:33,1
DA:34,1
DA:35,0
DA:38,0
DA:40,1
DA:41,1
DA:42,1
DA:49,1
DA:50,1
DA:51,1
DA:55,1
DA:58,1
DA:59,1
DA:60,1
DA:62,0
DA:63,0
DA:64,0
DA:68,0
DA:71,1
DA:75,1
DA:76,1
DA:79,1
DA:80,1
DA:81,1
DA:83,3
DA:84,18
DA:86,3
DA:87,3
DA:88,3
DA:89,0
DA:92,0
DA:96,3
DA:97,3
DA:101,3
DA:102,3
DA:103,3
DA:104,3
DA:106,0
DA:109,0
DA:113,3
DA:114,3
DA:116,3
DA:117,3
DA:118,3
DA:119,3
DA:121,0
DA:124,0
DA:131,3
DA:134,3
DA:138,3
DA:141,3
DA:145,1
DA:146,3
DA:149,1
DA:150,1
DA:151,1
DA:153,1
DA:154,1
DA:156,1
DA:157,1
DA:158,1
DA:159,0
DA:162,0
DA:164,1
DA:167,1
DA:171,1
DA:175,1
DA:176,1
DA:179,1
DA:180,1
DA:181,1
DA:183,1
DA:184,3
DA:186,1
DA:187,1
DA:188,1
DA:189,1
DA:190,0
DA:193,0
DA:195,1
DA:196,1
DA:197,1
DA:206,1
DA:209,1
DA:210,1
DA:211,1
DA:213,0
DA:214,0
DA:215,0
DA:219,0
DA:222,1
DA:226,1
DA:227,1
DA:230,1
LF:113
LH:92
BRDA:3,0,0,0
BRDA:3,0,1,0
BRDA:3,1,0,0
BRDA:3,1,1,0
BRDA:3,2,0,0
BRDA:3,2,1,0
BRDA:3,3,0,0
BRDA:3,3,1,0
BRDA:3,3,2,0
BRDA:3,3,3,0
BRDA:13,4,0,0
BRDA:13,4,1,2
BRDA:13,5,0,2
BRDA:13,5,1,2
BRDA:14,6,0,1
BRDA:14,6,1,0
BRDA:14,7,0,1
BRDA:14,7,1,0
BRDA:14,8,0,1
BRDA:14,8,1,0
BRDA:14,9,0,1
BRDA:14,9,1,0
BRDA:14,10,0,1
BRDA:14,10,1,0
BRDA:14,11,0,6
BRDA:14,11,1,0
BRDA:14,12,0,6
BRDA:14,12,1,6
BRDA:14,13,0,6
BRDA:14,13,1,4
BRDA:14,14,0,1
BRDA:14,14,1,1
BRDA:14,15,0,1
BRDA:14,15,1,1
BRDA:14,15,2,1
BRDA:14,15,3,1
BRDA:14,16,0,0
BRDA:14,16,1,0
BRDA:14,17,0,0
BRDA:14,17,1,0
BRDA:14,18,0,0
BRDA:14,18,1,0
BRDA:14,18,2,0
BRDA:14,19,0,0
BRDA:14,19,1,0
BRDA:14,20,0,0
BRDA:14,20,1,15
BRDA:14,21,0,0
BRDA:14,21,1,15
BRDA:14,22,0,0
BRDA:14,22,1,0
BRDA:14,23,0,0
BRDA:14,23,1,18
BRDA:14,24,0,0
BRDA:14,24,1,0
BRDA:14,25,0,0
BRDA:14,25,1,0
BRDA:14,26,0,15
BRDA:14,26,1,3
BRDA:14,27,0,0
BRDA:14,27,1,3
BRDA:14,28,0,0
BRDA:14,28,1,0
BRDA:14,29,0,3
BRDA:14,29,1,3
BRDA:14,30,0,18
BRDA:14,30,1,0
BRDA:14,31,0,3
BRDA:14,31,1,15
BRDA:14,32,0,6
BRDA:14,32,1,12
BRDA:14,33,0,0
BRDA:14,33,1,0
BRDA:14,34,0,0
BRDA:14,34,1,0
BRDA:14,35,0,0
BRDA:14,35,1,0
BRDA:14,35,2,0
BRDA:14,35,3,0
BRDA:14,35,4,0
BRDA:14,36,0,0
BRDA:14,36,1,0
BRDA:14,37,0,0
BRDA:14,37,1,0
BRDA:14,38,0,0
BRDA:14,38,1,0
BRDA:14,39,0,0
BRDA:14,39,1,0
BRDA:14,40,0,2
BRDA:14,40,1,2
BRDA:14,41,0,2
BRDA:14,41,1,0
BRDA:14,42,0,8
BRDA:14,42,1,8
BRDA:14,43,0,1
BRDA:14,43,1,0
BRDA:14,44,0,1
BRDA:14,44,1,0
BRDA:14,45,0,0
BRDA:14,45,1,0
BRDA:14,46,0,0
BRDA:14,46,1,0
BRDA:14,47,0,0
BRDA:14,47,1,0
BRDA:14,48,0,0
BRDA:14,48,1,0
BRDA:14,49,0,0
BRDA:14,49,1,0
BRDA:14,49,2,0
BRDA:14,50,0,0
BRDA:14,50,1,0
BRDA:14,51,0,4
BRDA:14,51,1,0
BRDA:14,52,0,0
BRDA:14,52,1,0
BRDA:14,53,0,0
BRDA:14,53,1,0
BRDA:14,54,0,0
BRDA:14,54,1,0
BRDA:14,55,0,0
BRDA:14,55,1,0
BRDA:14,56,0,0
BRDA:14,56,1,6
BRDA:14,57,0,0
BRDA:14,57,1,0
BRDA:14,57,2,0
BRDA:14,57,3,0
BRDA:14,58,0,0
BRDA:14,58,1,6
BRDA:14,59,0,0
BRDA:14,59,1,0
BRDA:14,60,0,0
BRDA:14,60,1,0
BRDA:14,61,0,0
BRDA:14,61,1,0
BRDA:14,62,0,0
BRDA:14,62,1,0
BRDA:14,63,0,0
BRDA:14,63,1,0
BRDA:14,64,0,0
BRDA:14,64,1,0
BRDA:14,65,0,0
BRDA:14,65,1,0
BRDA:14,66,0,0
BRDA:14,66,1,0
BRDA:14,67,0,0
BRDA:14,67,1,0
BRDA:14,68,0,0
BRDA:14,68,1,0
BRDA:14,69,0,0
BRDA:14,69,1,0
BRDA:14,70,0,0
BRDA:14,70,1,0
BRDA:14,71,0,0
BRDA:14,71,1,6
BRDA:14,72,0,6
BRDA:14,72,1,0
BRDA:14,72,2,0
BRDA:14,73,0,6
BRDA:14,73,1,0
BRDA:14,73,2,0
BRDA:14,73,3,0
BRDA:14,73,4,0
BRDA:14,73,5,0
BRDA:14,74,0,0
BRDA:14,74,1,6
BRDA:14,75,0,0
BRDA:14,75,1,6
BRDA:14,76,0,0
BRDA:14,76,1,6
BRDA:14,77,0,0
BRDA:14,77,1,6
BRDA:14,78,0,6
BRDA:14,78,1,6
BRDA:14,79,0,6
BRDA:14,79,1,0
BRDA:14,80,0,0
BRDA:14,80,1,0
BRDA:14,80,2,0
BRDA:14,81,0,0
BRDA:14,81,1,0
BRDA:14,82,0,0
BRDA:14,82,1,0
BRDA:14,83,0,0
BRDA:14,83,1,0
BRDA:14,84,0,0
BRDA:14,84,1,0
BRDA:15,85,0,6
BRDA:15,85,1,9
BRDA:29,86,0,1
BRDA:29,86,1,1
BRDA:29,86,2,1
BRDA:29,86,3,0
BRDA:29,86,4,1
BRDA:29,86,5,1
BRDA:34,87,0,0
BRDA:34,87,1,1
BRDA:84,88,0,3
BRDA:84,88,1,3
BRDA:84,88,2,3
BRDA:84,88,3,3
BRDA:84,88,4,3
BRDA:84,88,5,0
BRDA:84,88,6,3
BRDA:88,89,0,0
BRDA:88,89,1,3
BRDA:102,90,0,3
BRDA:102,90,1,0
BRDA:117,91,0,3
BRDA:117,91,1,0
BRDA:154,92,0,1
BRDA:154,92,1,1
BRDA:154,92,2,1
BRDA:158,93,0,0
BRDA:158,93,1,1
BRDA:184,94,0,1
BRDA:184,94,1,1
BRDA:184,94,2,0
BRDA:184,94,3,1
BRDA:184,94,4,1
BRDA:189,95,0,0
BRDA:189,95,1,1
BRF:222
BRH:78
end_of_record
TN:
SF:packages/api/middlewares/src/verifyToken.ts
FN:7,(anonymous_0)
FNF:1
FNH:1
FNDA:2,(anonymous_0)
DA:2,1
DA:5,1
DA:7,1
DA:8,2
DA:9,2
DA:11,2
DA:12,2
DA:13,2
DA:15,0
DA:18,2
LF:10
LH:9
BRF:0
BRH:0
end_of_record
TN:
SF:packages/api/models/dist/index.js
FN:7,(anonymous_0)
FN:12,get
FN:18,(anonymous_2)
FN:23,get
FN:29,(anonymous_4)
FN:34,get
FN:40,(anonymous_6)
FN:45,get
FNF:8
FNH:7
FNDA:2,(anonymous_0)
FNDA:0,get
FNDA:2,(anonymous_2)
FNDA:1,get
FNDA:2,(anonymous_4)
FNDA:2,get
FNDA:1,(anonymous_6)
FNDA:6,get
DA:3,1
DA:6,1
DA:7,1
DA:8,2
DA:9,2
DA:10,2
DA:13,0
DA:17,1
DA:18,1
DA:19,2
DA:20,2
DA:21,2
DA:24,1
DA:28,1
DA:29,1
DA:30,2
DA:31,2
DA:32,2
DA:35,2
DA:39,1
DA:40,1
DA:41,1
DA:42,1
DA:43,1
DA:46,6
LF:25
LH:24
BRDA:8,0,0,0
BRDA:8,0,1,2
BRDA:8,1,0,2
BRDA:8,1,1,2
BRDA:9,2,0,0
BRDA:9,2,1,2
BRDA:9,3,0,2
BRDA:9,3,1,0
BRDA:19,4,0,0
BRDA:19,4,1,2
BRDA:19,5,0,2
BRDA:19,5,1,2
BRDA:20,6,0,0
BRDA:20,6,1,2
BRDA:20,7,0,2
BRDA:20,7,1,0
BRDA:30,8,0,0
BRDA:30,8,1,2
BRDA:30,9,0,2
BRDA:30,9,1,2
BRDA:31,10,0,0
BRDA:31,10,1,2
BRDA:31,11,0,2
BRDA:31,11,1,0
BRDA:41,12,0,0
BRDA:41,12,1,1
BRDA:41,13,0,1
BRDA:41,13,1,1
BRDA:42,14,0,0
BRDA:42,14,1,1
BRDA:42,15,0,1
BRDA:42,15,1,0
BRF:32
BRH:20
end_of_record
TN:
SF:packages/api/models/dist/todo-list-item.model.js
FN:3,_typeof
FN:3,(anonymous_1)
FN:3,(anonymous_2)
FN:10,_getRequireWildcardCache
FN:10,_getRequireWildcardCache
FN:11,_interopRequireWildcard
FNF:6
FNH:5
FNDA:1,_typeof
FNDA:1,(anonymous_1)
FNDA:0,(anonymous_2)
FNDA:1,_getRequireWildcardCache
FNDA:1,_getRequireWildcardCache
FNDA:1,_interopRequireWildcard
DA:3,1
DA:4,1
DA:7,1
DA:8,1
DA:9,1
DA:10,1
DA:11,61
DA:12,1
DA:27,1
DA:28,1
DA:29,1
LF:11
LH:11
BRDA:3,0,0,1
BRDA:3,0,1,0
BRDA:3,1,0,1
BRDA:3,1,1,1
BRDA:3,2,0,0
BRDA:3,2,1,0
BRDA:3,3,0,0
BRDA:3,3,1,0
BRDA:3,3,2,0
BRDA:3,3,3,0
BRDA:10,4,0,0
BRDA:10,4,1,1
BRDA:10,5,0,0
BRDA:10,5,1,1
BRDA:11,6,0,0
BRDA:11,6,1,1
BRDA:11,7,0,1
BRDA:11,7,1,1
BRDA:11,7,2,1
BRDA:11,8,0,0
BRDA:11,8,1,1
BRDA:11,9,0,1
BRDA:11,9,1,1
BRDA:11,9,2,0
BRDA:11,10,0,0
BRDA:11,10,1,1
BRDA:11,11,0,1
BRDA:11,11,1,1
BRDA:11,12,0,1
BRDA:11,12,1,1
BRDA:11,13,0,53
BRDA:11,13,1,8
BRDA:11,14,0,61
BRDA:11,14,1,60
BRDA:11,15,0,53
BRDA:11,15,1,0
BRDA:11,16,0,0
BRDA:11,16,1,53
BRDA:11,17,0,53
BRDA:11,17,1,53
BRDA:11,17,2,53
BRDA:11,18,0,1
BRDA:11,18,1,0
BRF:43
BRH:27
end_of_record
TN:
SF:packages/api/models/dist/todo-list.model.js
FN:3,_typeof
FN:3,(anonymous_1)
FN:3,(anonymous_2)
FN:9,_getRequireWildcardCache
FN:9,_getRequireWildcardCache
FN:10,_interopRequireWildcard
FNF:6
FNH:5
FNDA:1,_typeof
FNDA:1,(anonymous_1)
FNDA:0,(anonymous_2)
FNDA:1,_getRequireWildcardCache
FNDA:1,_getRequireWildcardCache
FNDA:1,_interopRequireWildcard
DA:3,1
DA:4,1
DA:7,1
DA:8,1
DA:9,1
DA:10,61
DA:11,1
DA:21,1
DA:22,1
DA:23,1
LF:10
LH:10
BRDA:3,0,0,1
BRDA:3,0,1,0
BRDA:3,1,0,1
BRDA:3,1,1,1
BRDA:3,2,0,0
BRDA:3,2,1,0
BRDA:3,3,0,0
BRDA:3,3,1,0
BRDA:3,3,2,0
BRDA:3,3,3,0
BRDA:9,4,0,0
BRDA:9,4,1,1
BRDA:9,5,0,0
BRDA:9,5,1,1
BRDA:10,6,0,0
BRDA:10,6,1,1
BRDA:10,7,0,1
BRDA:10,7,1,1
BRDA:10,7,2,1
BRDA:10,8,0,0
BRDA:10,8,1,1
BRDA:10,9,0,1
BRDA:10,9,1,1
BRDA:10,9,2,0
BRDA:10,10,0,0
BRDA:10,10,1,1
BRDA:10,11,0,1
BRDA:10,11,1,1
BRDA:10,12,0,1
BRDA:10,12,1,1
BRDA:10,13,0,53
BRDA:10,13,1,8
BRDA:10,14,0,61
BRDA:10,14,1,60
BRDA:10,15,0,53
BRDA:10,15,1,0
BRDA:10,16,0,0
BRDA:10,16,1,53
BRDA:10,17,0,53
BRDA:10,17,1,53
BRDA:10,17,2,53
BRDA:10,18,0,1
BRDA:10,18,1,0
BRF:43
BRH:27
end_of_record
TN:
SF:packages/api/models/dist/todo-lists.model.js
FN:3,_typeof
FN:3,(anonymous_1)
FN:3,(anonymous_2)
FN:9,_getRequireWildcardCache
FN:9,_getRequireWildcardCache
FN:10,_interopRequireWildcard
FNF:6
FNH:5
FNDA:1,_typeof
FNDA:1,(anonymous_1)
FNDA:0,(anonymous_2)
FNDA:1,_getRequireWildcardCache
FNDA:1,_getRequireWildcardCache
FNDA:1,_interopRequireWildcard
DA:3,1
DA:4,1
DA:7,1
DA:8,1
DA:9,1
DA:10,61
DA:11,1
DA:21,1
DA:22,1
DA:23,1
LF:10
LH:10
BRDA:3,0,0,1
BRDA:3,0,1,0
BRDA:3,1,0,1
BRDA:3,1,1,1
BRDA:3,2,0,0
BRDA:3,2,1,0
BRDA:3,3,0,0
BRDA:3,3,1,0
BRDA:3,3,2,0
BRDA:3,3,3,0
BRDA:9,4,0,0
BRDA:9,4,1,1
BRDA:9,5,0,0
BRDA:9,5,1,1
BRDA:10,6,0,0
BRDA:10,6,1,1
BRDA:10,7,0,1
BRDA:10,7,1,1
BRDA:10,7,2,1
BRDA:10,8,0,0
BRDA:10,8,1,1
BRDA:10,9,0,1
BRDA:10,9,1,1
BRDA:10,9,2,0
BRDA:10,10,0,0
BRDA:10,10,1,1
BRDA:10,11,0,1
BRDA:10,11,1,1
BRDA:10,12,0,1
BRDA:10,12,1,1
BRDA:10,13,0,53
BRDA:10,13,1,8
BRDA:10,14,0,61
BRDA:10,14,1,60
BRDA:10,15,0,53
BRDA:10,15,1,0
BRDA:10,16,0,0
BRDA:10,16,1,53
BRDA:10,17,0,53
BRDA:10,17,1,53
BRDA:10,17,2,53
BRDA:10,18,0,1
BRDA:10,18,1,0
BRF:43
BRH:27
end_of_record
TN:
SF:packages/api/models/dist/user.model.js
FN:3,_typeof
FN:3,(anonymous_1)
FN:3,(anonymous_2)
FN:10,_interopRequireDefault
FN:11,_getRequireWildcardCache
FN:11,_getRequireWildcardCache
FN:12,_interopRequireWildcard
FN:13,_regeneratorRuntime
FN:13,_regeneratorRuntime
FN:13,(anonymous_9)
FN:13,define
FN:13,define
FN:13,wrap
FN:13,tryCatch
FN:13,Generator
FN:13,GeneratorFunction
FN:13,GeneratorFunctionPrototype
FN:13,(anonymous_17)
FN:13,defineIteratorMethods
FN:13,(anonymous_19)
FN:13,(anonymous_20)
FN:13,AsyncIterator
FN:13,invoke
FN:13,(anonymous_23)
FN:13,(anonymous_24)
FN:13,(anonymous_25)
FN:13,(anonymous_26)
FN:13,value
FN:13,callInvokeWithMethodAndArg
FN:13,(anonymous_29)
FN:13,makeInvokeMethod
FN:13,(anonymous_31)
FN:13,maybeInvokeDelegate
FN:13,pushTryEntry
FN:13,resetTryEntry
FN:13,Context
FN:13,values
FN:13,next
FN:13,doneResult
FN:13,(anonymous_39)
FN:13,(anonymous_40)
FN:13,(anonymous_41)
FN:13,(anonymous_42)
FN:13,(anonymous_43)
FN:13,(anonymous_44)
FN:13,(anonymous_45)
FN:13,(anonymous_46)
FN:13,(anonymous_47)
FN:13,next
FN:13,reset
FN:13,stop
FN:13,dispatchException
FN:13,handle
FN:13,abrupt
FN:13,complete
FN:13,finish
FN:13,_catch
FN:13,delegateYield
FN:14,asyncGeneratorStep
FN:15,_asyncToGenerator
FN:15,(anonymous_60)
FN:15,(anonymous_61)
FN:15,_next
FN:15,_throw
FN:46,(anonymous_64)
FN:47,_callee
FN:48,_callee$
FN:60,(anonymous_67)
FN:64,(anonymous_68)
FN:65,_callee2
FN:67,_callee2$
FN:78,(anonymous_71)
FNF:72
FNH:37
FNDA:1,_typeof
FNDA:1,(anonymous_1)
FNDA:0,(anonymous_2)
FNDA:1,_interopRequireDefault
FNDA:1,_getRequireWildcardCache
FNDA:1,_getRequireWildcardCache
FNDA:1,_interopRequireWildcard
FNDA:1,_regeneratorRuntime
FNDA:6,_regeneratorRuntime
FNDA:0,(anonymous_9)
FNDA:13,define
FNDA:0,define
FNDA:5,wrap
FNDA:8,tryCatch
FNDA:0,Generator
FNDA:0,GeneratorFunction
FNDA:0,GeneratorFunctionPrototype
FNDA:0,(anonymous_17)
FNDA:2,defineIteratorMethods
FNDA:6,(anonymous_19)
FNDA:5,(anonymous_20)
FNDA:0,AsyncIterator
FNDA:0,invoke
FNDA:0,(anonymous_23)
FNDA:0,(anonymous_24)
FNDA:0,(anonymous_25)
FNDA:0,(anonymous_26)
FNDA:0,value
FNDA:0,callInvokeWithMethodAndArg
FNDA:0,(anonymous_29)
FNDA:5,makeInvokeMethod
FNDA:5,(anonymous_31)
FNDA:0,maybeInvokeDelegate
FNDA:0,pushTryEntry
FNDA:5,resetTryEntry
FNDA:5,Context
FNDA:1,values
FNDA:0,next
FNDA:0,doneResult
FNDA:0,(anonymous_39)
FNDA:2,(anonymous_40)
FNDA:0,(anonymous_41)
FNDA:0,(anonymous_42)
FNDA:0,(anonymous_43)
FNDA:0,(anonymous_44)
FNDA:0,(anonymous_45)
FNDA:0,(anonymous_46)
FNDA:0,(anonymous_47)
FNDA:0,next
FNDA:5,reset
FNDA:5,stop
FNDA:0,dispatchException
FNDA:0,handle
FNDA:6,abrupt
FNDA:6,complete
FNDA:0,finish
FNDA:0,_catch
FNDA:0,delegateYield
FNDA:5,asyncGeneratorStep
FNDA:2,_asyncToGenerator
FNDA:5,(anonymous_60)
FNDA:5,(anonymous_61)
FNDA:5,_next
FNDA:0,_throw
FNDA:1,(anonymous_64)
FNDA:2,_callee
FNDA:2,_callee$
FNDA:2,(anonymous_67)
FNDA:1,(anonymous_68)
FNDA:3,_callee2
FNDA:6,_callee2$
FNDA:3,(anonymous_71)
DA:3,1
DA:4,1
DA:7,1
DA:8,1
DA:9,1
DA:10,1
DA:11,1
DA:12,61
DA:13,13
DA:14,5
DA:15,5
DA:18,1
DA:46,1
DA:47,1
DA:48,2
DA:49,2
DA:51,2
DA:52,2
DA:53,2
DA:56,2
DA:60,1
DA:61,2
DA:64,1
DA:65,1
DA:67,3
DA:68,6
DA:70,3
DA:71,3
DA:74,3
DA:78,1
DA:79,3
DA:82,1
DA:83,1
LF:33
LH:33
BRDA:3,0,0,1
BRDA:3,0,1,0
BRDA:3,1,0,1
BRDA:3,1,1,1
BRDA:3,2,0,0
BRDA:3,2,1,0
BRDA:3,3,0,0
BRDA:3,3,1,0
BRDA:3,3,2,0
BRDA:3,3,3,0
BRDA:10,4,0,0
BRDA:10,4,1,1
BRDA:10,5,0,1
BRDA:10,5,1,1
BRDA:11,6,0,0
BRDA:11,6,1,1
BRDA:11,7,0,0
BRDA:11,7,1,1
BRDA:12,8,0,0
BRDA:12,8,1,1
BRDA:12,9,0,1
BRDA:12,9,1,1
BRDA:12,9,2,1
BRDA:12,10,0,0
BRDA:12,10,1,1
BRDA:12,11,0,1
BRDA:12,11,1,1
BRDA:12,11,2,0
BRDA:12,12,0,0
BRDA:12,12,1,1
BRDA:12,13,0,1
BRDA:12,13,1,1
BRDA:12,14,0,1
BRDA:12,14,1,1
BRDA:12,15,0,53
BRDA:12,15,1,8
BRDA:12,16,0,61
BRDA:12,16,1,60
BRDA:12,17,0,53
BRDA:12,17,1,0
BRDA:12,18,0,0
BRDA:12,18,1,53
BRDA:12,19,0,53
BRDA:12,19,1,53
BRDA:12,19,2,53
BRDA:12,20,0,1
BRDA:12,20,1,0
BRDA:13,21,0,1
BRDA:13,21,1,0
BRDA:13,22,0,1
BRDA:13,22,1,0
BRDA:13,23,0,1
BRDA:13,23,1,0
BRDA:13,24,0,1
BRDA:13,24,1,0
BRDA:13,25,0,1
BRDA:13,25,1,0
BRDA:13,26,0,5
BRDA:13,26,1,0
BRDA:13,27,0,5
BRDA:13,27,1,5
BRDA:13,28,0,5
BRDA:13,28,1,5
BRDA:13,29,0,1
BRDA:13,29,1,1
BRDA:13,30,0,1
BRDA:13,30,1,1
BRDA:13,30,2,1
BRDA:13,30,3,1
BRDA:13,31,0,0
BRDA:13,31,1,0
BRDA:13,32,0,0
BRDA:13,32,1,0
BRDA:13,33,0,0
BRDA:13,33,1,0
BRDA:13,33,2,0
BRDA:13,34,0,0
BRDA:13,34,1,0
BRDA:13,35,0,0
BRDA:13,35,1,5
BRDA:13,36,0,0
BRDA:13,36,1,5
BRDA:13,37,0,0
BRDA:13,37,1,0
BRDA:13,38,0,0
BRDA:13,38,1,8
BRDA:13,39,0,0
BRDA:13,39,1,0
BRDA:13,40,0,0
BRDA:13,40,1,0
BRDA:13,41,0,5
BRDA:13,41,1,3
BRDA:13,42,0,0
BRDA:13,42,1,3
BRDA:13,43,0,0
BRDA:13,43,1,0
BRDA:13,44,0,3
BRDA:13,44,1,3
BRDA:13,45,0,8
BRDA:13,45,1,0
BRDA:13,46,0,3
BRDA:13,46,1,5
BRDA:13,47,0,5
BRDA:13,47,1,3
BRDA:13,48,0,0
BRDA:13,48,1,0
BRDA:13,49,0,0
BRDA:13,49,1,0
BRDA:13,50,0,0
BRDA:13,50,1,0
BRDA:13,50,2,0
BRDA:13,50,3,0
BRDA:13,50,4,0
BRDA:13,51,0,0
BRDA:13,51,1,0
BRDA:13,52,0,0
BRDA:13,52,1,0
BRDA:13,53,0,0
BRDA:13,53,1,0
BRDA:13,54,0,0
BRDA:13,54,1,0
BRDA:13,55,0,0
BRDA:13,55,1,0
BRDA:13,56,0,0
BRDA:13,56,1,0
BRDA:13,57,0,5
BRDA:13,57,1,5
BRDA:13,58,0,1
BRDA:13,58,1,0
BRDA:13,59,0,1
BRDA:13,59,1,0
BRDA:13,60,0,0
BRDA:13,60,1,0
BRDA:13,61,0,0
BRDA:13,61,1,0
BRDA:13,62,0,0
BRDA:13,62,1,0
BRDA:13,63,0,0
BRDA:13,63,1,0
BRDA:13,64,0,0
BRDA:13,64,1,0
BRDA:13,64,2,0
BRDA:13,65,0,0
BRDA:13,65,1,0
BRDA:13,66,0,2
BRDA:13,66,1,0
BRDA:13,67,0,0
BRDA:13,67,1,0
BRDA:13,68,0,0
BRDA:13,68,1,0
BRDA:13,69,0,0
BRDA:13,69,1,0
BRDA:13,70,0,0
BRDA:13,70,1,0
BRDA:13,71,0,0
BRDA:13,71,1,5
BRDA:13,72,0,0
BRDA:13,72,1,0
BRDA:13,72,2,0
BRDA:13,72,3,0
BRDA:13,73,0,0
BRDA:13,73,1,5
BRDA:13,74,0,0
BRDA:13,74,1,0
BRDA:13,75,0,0
BRDA:13,75,1,0
BRDA:13,76,0,0
BRDA:13,76,1,0
BRDA:13,77,0,0
BRDA:13,77,1,0
BRDA:13,78,0,0
BRDA:13,78,1,0
BRDA:13,79,0,0
BRDA:13,79,1,0
BRDA:13,80,0,0
BRDA:13,80,1,0
BRDA:13,81,0,0
BRDA:13,81,1,0
BRDA:13,82,0,0
BRDA:13,82,1,0
BRDA:13,83,0,0
BRDA:13,83,1,0
BRDA:13,84,0,0
BRDA:13,84,1,0
BRDA:13,85,0,0
BRDA:13,85,1,0
BRDA:13,86,0,0
BRDA:13,86,1,6
BRDA:13,87,0,6
BRDA:13,87,1,0
BRDA:13,87,2,0
BRDA:13,88,0,6
BRDA:13,88,1,0
BRDA:13,88,2,0
BRDA:13,88,3,0
BRDA:13,88,4,0
BRDA:13,88,5,0
BRDA:13,89,0,0
BRDA:13,89,1,6
BRDA:13,90,0,0
BRDA:13,90,1,6
BRDA:13,91,0,0
BRDA:13,91,1,6
BRDA:13,92,0,0
BRDA:13,92,1,6
BRDA:13,93,0,6
BRDA:13,93,1,6
BRDA:13,94,0,6
BRDA:13,94,1,0
BRDA:13,95,0,0
BRDA:13,95,1,0
BRDA:13,95,2,0
BRDA:13,96,0,0
BRDA:13,96,1,0
BRDA:13,97,0,0
BRDA:13,97,1,0
BRDA:13,98,0,0
BRDA:13,98,1,0
BRDA:13,99,0,0
BRDA:13,99,1,0
BRDA:14,100,0,5
BRDA:14,100,1,0
BRDA:49,101,0,2
BRDA:49,101,1,2
BRDA:49,101,2,2
BRDA:68,102,0,3
BRDA:68,102,1,0
BRDA:68,102,2,3
BRF:228
BRH:82
end_of_record
TN:
SF:packages/api/routes/dist/index.js
FNF:0
FNH:0
DA:3,1
DA:6,1
DA:7,1
DA:8,1
DA:9,1
DA:10,1
DA:11,1
DA:12,1
DA:13,1
DA:14,1
DA:15,1
LF:11
LH:11
BRF:0
BRH:0
end_of_record
TN:
SF:packages/api/routes/dist/todo-list-item.route.js
FNF:0
FNH:0
DA:3,1
DA:6,1
DA:7,1
DA:8,1
DA:9,1
DA:10,1
DA:11,1
DA:12,1
DA:13,1
DA:14,1
DA:15,1
DA:16,1
LF:12
LH:12
BRF:0
BRH:0
end_of_record
TN:
SF:packages/api/routes/dist/todo-list.route.js
FNF:0
FNH:0
DA:3,1
DA:6,1
DA:7,1
DA:8,1
DA:9,1
DA:10,1
DA:11,1
DA:12,1
DA:13,1
DA:14,1
DA:15,1
DA:16,1
LF:12
LH:12
BRF:0
BRH:0
end_of_record
TN:
SF:packages/api/routes/dist/user.route.js
FNF:0
FNH:0
DA:3,1
DA:6,1
DA:7,1
DA:8,1
DA:9,1
DA:10,1
DA:11,1
DA:12,1
DA:13,1
DA:14,1
DA:15,1
DA:16,1
LF:12
LH:12
BRF:0
BRH:0
end_of_record
TN:
SF:packages/api/server/__tests__/dbtestconn.js
FN:6,(anonymous_0)
FN:16,(anonymous_1)
FN:24,(anonymous_2)
FNF:3
FNH:2
FNDA:1,(anonymous_0)
FNDA:1,(anonymous_1)
FNDA:0,(anonymous_2)
DA:1,1
DA:2,1
DA:4,1
DA:6,1
DA:7,1
DA:8,1
DA:10,1
DA:16,1
DA:17,1
DA:18,1
DA:19,1
DA:20,1
DA:24,1
DA:25,0
DA:26,0
DA:27,0
DA:28,0
DA:33,1
LF:18
LH:14
BRDA:17,0,0,1
BRDA:17,0,1,0
BRDA:25,1,0,0
BRDA:25,1,1,0
BRF:4
BRH:1
end_of_record
TN:
SF:packages/api/server/dist/databaseConn.js
FN:3,_typeof
FN:3,(anonymous_1)
FN:3,(anonymous_2)
FN:10,_interopRequireDefault
FN:11,_regeneratorRuntime
FN:11,_regeneratorRuntime
FN:11,(anonymous_6)
FN:11,define
FN:11,define
FN:11,wrap
FN:11,tryCatch
FN:11,Generator
FN:11,GeneratorFunction
FN:11,GeneratorFunctionPrototype
FN:11,(anonymous_14)
FN:11,defineIteratorMethods
FN:11,(anonymous_16)
FN:11,(anonymous_17)
FN:11,AsyncIterator
FN:11,invoke
FN:11,(anonymous_20)
FN:11,(anonymous_21)
FN:11,(anonymous_22)
FN:11,(anonymous_23)
FN:11,value
FN:11,callInvokeWithMethodAndArg
FN:11,(anonymous_26)
FN:11,makeInvokeMethod
FN:11,(anonymous_28)
FN:11,maybeInvokeDelegate
FN:11,pushTryEntry
FN:11,resetTryEntry
FN:11,Context
FN:11,values
FN:11,next
FN:11,doneResult
FN:11,(anonymous_36)
FN:11,(anonymous_37)
FN:11,(anonymous_38)
FN:11,(anonymous_39)
FN:11,(anonymous_40)
FN:11,(anonymous_41)
FN:11,(anonymous_42)
FN:11,(anonymous_43)
FN:11,(anonymous_44)
FN:11,next
FN:11,reset
FN:11,stop
FN:11,dispatchException
FN:11,handle
FN:11,abrupt
FN:11,complete
FN:11,finish
FN:11,_catch
FN:11,delegateYield
FN:12,asyncGeneratorStep
FN:13,_asyncToGenerator
FN:13,(anonymous_57)
FN:13,(anonymous_58)
FN:13,_next
FN:13,_throw
FN:18,(anonymous_61)
FN:19,_callee
FN:20,_callee$
FN:49,dbConn
FNF:65
FNH:9
FNDA:0,_typeof
FNDA:0,(anonymous_1)
FNDA:0,(anonymous_2)
FNDA:2,_interopRequireDefault
FNDA:1,_regeneratorRuntime
FNDA:0,_regeneratorRuntime
FNDA:0,(anonymous_6)
FNDA:13,define
FNDA:0,define
FNDA:0,wrap
FNDA:0,tryCatch
FNDA:0,Generator
FNDA:0,GeneratorFunction
FNDA:0,GeneratorFunctionPrototype
FNDA:0,(anonymous_14)
FNDA:2,defineIteratorMethods
FNDA:6,(anonymous_16)
FNDA:0,(anonymous_17)
FNDA:0,AsyncIterator
FNDA:0,invoke
FNDA:0,(anonymous_20)
FNDA:0,(anonymous_21)
FNDA:0,(anonymous_22)
FNDA:0,(anonymous_23)
FNDA:0,value
FNDA:0,callInvokeWithMethodAndArg
FNDA:0,(anonymous_26)
FNDA:0,makeInvokeMethod
FNDA:0,(anonymous_28)
FNDA:0,maybeInvokeDelegate
FNDA:0,pushTryEntry
FNDA:0,resetTryEntry
FNDA:0,Context
FNDA:1,values
FNDA:0,next
FNDA:0,doneResult
FNDA:0,(anonymous_36)
FNDA:1,(anonymous_37)
FNDA:0,(anonymous_38)
FNDA:0,(anonymous_39)
FNDA:0,(anonymous_40)
FNDA:0,(anonymous_41)
FNDA:0,(anonymous_42)
FNDA:0,(anonymous_43)
FNDA:0,(anonymous_44)
FNDA:0,next
FNDA:0,reset
FNDA:0,stop
FNDA:0,dispatchException
FNDA:0,handle
FNDA:0,abrupt
FNDA:0,complete
FNDA:0,finish
FNDA:0,_catch
FNDA:0,delegateYield
FNDA:0,asyncGeneratorStep
FNDA:1,_asyncToGenerator
FNDA:0,(anonymous_57)
FNDA:0,(anonymous_58)
FNDA:0,_next
FNDA:0,_throw
FNDA:1,(anonymous_61)
FNDA:0,_callee
FNDA:0,_callee$
FNDA:0,dbConn
DA:3,0
DA:4,1
DA:7,1
DA:8,1
DA:9,1
DA:10,2
DA:11,13
DA:12,0
DA:13,1
DA:14,1
DA:17,1
DA:18,1
DA:19,1
DA:20,0
DA:21,0
DA:23,0
DA:24,0
DA:25,0
DA:27,0
DA:28,0
DA:29,0
DA:31,0
DA:32,0
DA:33,0
DA:35,0
DA:36,0
DA:37,0
DA:39,0
DA:40,0
DA:42,0
DA:45,0
DA:49,1
DA:50,0
DA:53,1
LF:34
LH:13
BRDA:3,0,0,0
BRDA:3,0,1,0
BRDA:3,1,0,0
BRDA:3,1,1,0
BRDA:3,2,0,0
BRDA:3,2,1,0
BRDA:3,3,0,0
BRDA:3,3,1,0
BRDA:3,3,2,0
BRDA:3,3,3,0
BRDA:10,4,0,0
BRDA:10,4,1,2
BRDA:10,5,0,2
BRDA:10,5,1,2
BRDA:11,6,0,1
BRDA:11,6,1,0
BRDA:11,7,0,1
BRDA:11,7,1,0
BRDA:11,8,0,1
BRDA:11,8,1,0
BRDA:11,9,0,1
BRDA:11,9,1,0
BRDA:11,10,0,1
BRDA:11,10,1,0
BRDA:11,11,0,0
BRDA:11,11,1,0
BRDA:11,12,0,0
BRDA:11,12,1,0
BRDA:11,13,0,0
BRDA:11,13,1,0
BRDA:11,14,0,1
BRDA:11,14,1,1
BRDA:11,15,0,1
BRDA:11,15,1,1
BRDA:11,15,2,1
BRDA:11,15,3,1
BRDA:11,16,0,0
BRDA:11,16,1,0
BRDA:11,17,0,0
BRDA:11,17,1,0
BRDA:11,18,0,0
BRDA:11,18,1,0
BRDA:11,18,2,0
BRDA:11,19,0,0
BRDA:11,19,1,0
BRDA:11,20,0,0
BRDA:11,20,1,0
BRDA:11,21,0,0
BRDA:11,21,1,0
BRDA:11,22,0,0
BRDA:11,22,1,0
BRDA:11,23,0,0
BRDA:11,23,1,0
BRDA:11,24,0,0
BRDA:11,24,1,0
BRDA:11,25,0,0
BRDA:11,25,1,0
BRDA:11,26,0,0
BRDA:11,26,1,0
BRDA:11,27,0,0
BRDA:11,27,1,0
BRDA:11,28,0,0
BRDA:11,28,1,0
BRDA:11,29,0,0
BRDA:11,29,1,0
BRDA:11,30,0,0
BRDA:11,30,1,0
BRDA:11,31,0,0
BRDA:11,31,1,0
BRDA:11,32,0,0
BRDA:11,32,1,0
BRDA:11,33,0,0
BRDA:11,33,1,0
BRDA:11,34,0,0
BRDA:11,34,1,0
BRDA:11,35,0,0
BRDA:11,35,1,0
BRDA:11,35,2,0
BRDA:11,35,3,0
BRDA:11,35,4,0
BRDA:11,36,0,0
BRDA:11,36,1,0
BRDA:11,37,0,0
BRDA:11,37,1,0
BRDA:11,38,0,0
BRDA:11,38,1,0
BRDA:11,39,0,0
BRDA:11,39,1,0
BRDA:11,40,0,0
BRDA:11,40,1,0
BRDA:11,41,0,0
BRDA:11,41,1,0
BRDA:11,42,0,0
BRDA:11,42,1,0
BRDA:11,43,0,1
BRDA:11,43,1,0
BRDA:11,44,0,1
BRDA:11,44,1,0
BRDA:11,45,0,0
BRDA:11,45,1,0
BRDA:11,46,0,0
BRDA:11,46,1,0
BRDA:11,47,0,0
BRDA:11,47,1,0
BRDA:11,48,0,0
BRDA:11,48,1,0
BRDA:11,49,0,0
BRDA:11,49,1,0
BRDA:11,49,2,0
BRDA:11,50,0,0
BRDA:11,50,1,0
BRDA:11,51,0,1
BRDA:11,51,1,0
BRDA:11,52,0,0
BRDA:11,52,1,0
BRDA:11,53,0,0
BRDA:11,53,1,0
BRDA:11,54,0,0
BRDA:11,54,1,0
BRDA:11,55,0,0
BRDA:11,55,1,0
BRDA:11,56,0,0
BRDA:11,56,1,0
BRDA:11,57,0,0
BRDA:11,57,1,0
BRDA:11,57,2,0
BRDA:11,57,3,0
BRDA:11,58,0,0
BRDA:11,58,1,0
BRDA:11,59,0,0
BRDA:11,59,1,0
BRDA:11,60,0,0
BRDA:11,60,1,0
BRDA:11,61,0,0
BRDA:11,61,1,0
BRDA:11,62,0,0
BRDA:11,62,1,0
BRDA:11,63,0,0
BRDA:11,63,1,0
BRDA:11,64,0,0
BRDA:11,64,1,0
BRDA:11,65,0,0
BRDA:11,65,1,0
BRDA:11,66,0,0
BRDA:11,66,1,0
BRDA:11,67,0,0
BRDA:11,67,1,0
BRDA:11,68,0,0
BRDA:11,68,1,0
BRDA:11,69,0,0
BRDA:11,69,1,0
BRDA:11,70,0,0
BRDA:11,70,1,0
BRDA:11,71,0,0
BRDA:11,71,1,0
BRDA:11,72,0,0
BRDA:11,72,1,0
BRDA:11,72,2,0
BRDA:11,73,0,0
BRDA:11,73,1,0
BRDA:11,73,2,0
BRDA:11,73,3,0
BRDA:11,73,4,0
BRDA:11,73,5,0
BRDA:11,74,0,0
BRDA:11,74,1,0
BRDA:11,75,0,0
BRDA:11,75,1,0
BRDA:11,76,0,0
BRDA:11,76,1,0
BRDA:11,77,0,0
BRDA:11,77,1,0
BRDA:11,78,0,0
BRDA:11,78,1,0
BRDA:11,79,0,0
BRDA:11,79,1,0
BRDA:11,80,0,0
BRDA:11,80,1,0
BRDA:11,80,2,0
BRDA:11,81,0,0
BRDA:11,81,1,0
BRDA:11,82,0,0
BRDA:11,82,1,0
BRDA:11,83,0,0
BRDA:11,83,1,0
BRDA:11,84,0,0
BRDA:11,84,1,0
BRDA:12,85,0,0
BRDA:12,85,1,0
BRDA:21,86,0,0
BRDA:21,86,1,0
BRDA:21,86,2,0
BRDA:21,86,3,0
BRDA:21,86,4,0
BRDA:21,86,5,0
BRDA:21,86,6,0
BRDA:23,87,0,0
BRDA:23,87,1,0
BRF:198
BRH:17
end_of_record
TN:
SF:packages/api/server/dist/index.js
FN:3,_typeof
FN:3,(anonymous_1)
FN:3,(anonymous_2)
FN:13,_interopRequireDefault
FN:14,_regeneratorRuntime
FN:14,_regeneratorRuntime
FN:14,(anonymous_6)
FN:14,define
FN:14,define
FN:14,wrap
FN:14,tryCatch
FN:14,Generator
FN:14,GeneratorFunction
FN:14,GeneratorFunctionPrototype
FN:14,(anonymous_14)
FN:14,defineIteratorMethods
FN:14,(anonymous_16)
FN:14,(anonymous_17)
FN:14,AsyncIterator
FN:14,invoke
FN:14,(anonymous_20)
FN:14,(anonymous_21)
FN:14,(anonymous_22)
FN:14,(anonymous_23)
FN:14,value
FN:14,callInvokeWithMethodAndArg
FN:14,(anonymous_26)
FN:14,makeInvokeMethod
FN:14,(anonymous_28)
FN:14,maybeInvokeDelegate
FN:14,pushTryEntry
FN:14,resetTryEntry
FN:14,Context
FN:14,values
FN:14,next
FN:14,doneResult
FN:14,(anonymous_36)
FN:14,(anonymous_37)
FN:14,(anonymous_38)
FN:14,(anonymous_39)
FN:14,(anonymous_40)
FN:14,(anonymous_41)
FN:14,(anonymous_42)
FN:14,(anonymous_43)
FN:14,(anonymous_44)
FN:14,next
FN:14,reset
FN:14,stop
FN:14,dispatchException
FN:14,handle
FN:14,abrupt
FN:14,complete
FN:14,finish
FN:14,_catch
FN:14,delegateYield
FN:15,asyncGeneratorStep
FN:16,_asyncToGenerator
FN:16,(anonymous_57)
FN:16,(anonymous_58)
FN:16,_next
FN:16,_throw
FN:28,_callee
FN:29,_callee$
FN:40,_callee2
FN:41,_callee2$
FNF:65
FNH:24
FNDA:0,_typeof
FNDA:0,(anonymous_1)
FNDA:0,(anonymous_2)
FNDA:3,_interopRequireDefault
FNDA:1,_regeneratorRuntime
FNDA:1,_regeneratorRuntime
FNDA:0,(anonymous_6)
FNDA:13,define
FNDA:0,define
FNDA:1,wrap
FNDA:1,tryCatch
FNDA:0,Generator
FNDA:0,GeneratorFunction
FNDA:0,GeneratorFunctionPrototype
FNDA:0,(anonymous_14)
FNDA:2,defineIteratorMethods
FNDA:6,(anonymous_16)
FNDA:1,(anonymous_17)
FNDA:0,AsyncIterator
FNDA:0,invoke
FNDA:0,(anonymous_20)
FNDA:0,(anonymous_21)
FNDA:0,(anonymous_22)
FNDA:0,(anonymous_23)
FNDA:0,value
FNDA:0,callInvokeWithMethodAndArg
FNDA:0,(anonymous_26)
FNDA:1,makeInvokeMethod
FNDA:1,(anonymous_28)
FNDA:0,maybeInvokeDelegate
FNDA:0,pushTryEntry
FNDA:1,resetTryEntry
FNDA:1,Context
FNDA:1,values
FNDA:0,next
FNDA:0,doneResult
FNDA:0,(anonymous_36)
FNDA:1,(anonymous_37)
FNDA:0,(anonymous_38)
FNDA:0,(anonymous_39)
FNDA:0,(anonymous_40)
FNDA:0,(anonymous_41)
FNDA:0,(anonymous_42)
FNDA:0,(anonymous_43)
FNDA:0,(anonymous_44)
FNDA:0,next
FNDA:1,reset
FNDA:1,stop
FNDA:0,dispatchException
FNDA:0,handle
FNDA:0,abrupt
FNDA:0,complete
FNDA:0,finish
FNDA:0,_catch
FNDA:0,delegateYield
FNDA:1,asyncGeneratorStep
FNDA:1,_asyncToGenerator
FNDA:1,(anonymous_57)
FNDA:1,(anonymous_58)
FNDA:1,_next
FNDA:0,_throw
FNDA:1,_callee
FNDA:1,_callee$
FNDA:0,_callee2
FNDA:0,_callee2$
DA:3,0
DA:4,1
DA:7,1
DA:8,1
DA:9,1
DA:10,1
DA:11,1
DA:12,1
DA:13,3
DA:14,13
DA:15,1
DA:16,1
DA:17,1
DA:20,1
DA:21,1
DA:22,1
DA:23,1
DA:26,1
DA:27,1
DA:28,1
DA:29,1
DA:30,1
DA:32,1
DA:35,1
DA:39,1
DA:40,0
DA:41,0
DA:42,0
DA:44,0
DA:45,0
DA:48,0
LF:31
LH:24
BRDA:3,0,0,0
BRDA:3,0,1,0
BRDA:3,1,0,0
BRDA:3,1,1,0
BRDA:3,2,0,0
BRDA:3,2,1,0
BRDA:3,3,0,0
BRDA:3,3,1,0
BRDA:3,3,2,0
BRDA:3,3,3,0
BRDA:13,4,0,0
BRDA:13,4,1,3
BRDA:13,5,0,3
BRDA:13,5,1,3
BRDA:14,6,0,1
BRDA:14,6,1,0
BRDA:14,7,0,1
BRDA:14,7,1,0
BRDA:14,8,0,1
BRDA:14,8,1,0
BRDA:14,9,0,1
BRDA:14,9,1,0
BRDA:14,10,0,1
BRDA:14,10,1,0
BRDA:14,11,0,1
BRDA:14,11,1,0
BRDA:14,12,0,1
BRDA:14,12,1,1
BRDA:14,13,0,1
BRDA:14,13,1,1
BRDA:14,14,0,1
BRDA:14,14,1,1
BRDA:14,15,0,1
BRDA:14,15,1,1
BRDA:14,15,2,1
BRDA:14,15,3,1
BRDA:14,16,0,0
BRDA:14,16,1,0
BRDA:14,17,0,0
BRDA:14,17,1,0
BRDA:14,18,0,0
BRDA:14,18,1,0
BRDA:14,18,2,0
BRDA:14,19,0,0
BRDA:14,19,1,0
BRDA:14,20,0,0
BRDA:14,20,1,1
BRDA:14,21,0,0
BRDA:14,21,1,1
BRDA:14,22,0,0
BRDA:14,22,1,0
BRDA:14,23,0,0
BRDA:14,23,1,1
BRDA:14,24,0,0
BRDA:14,24,1,0
BRDA:14,25,0,0
BRDA:14,25,1,0
BRDA:14,26,0,1
BRDA:14,26,1,0
BRDA:14,27,0,0
BRDA:14,27,1,0
BRDA:14,28,0,0
BRDA:14,28,1,0
BRDA:14,29,0,0
BRDA:14,29,1,0
BRDA:14,30,0,1
BRDA:14,30,1,0
BRDA:14,31,0,0
BRDA:14,31,1,1
BRDA:14,32,0,1
BRDA:14,32,1,0
BRDA:14,33,0,0
BRDA:14,33,1,0
BRDA:14,34,0,0
BRDA:14,34,1,0
BRDA:14,35,0,0
BRDA:14,35,1,0
BRDA:14,35,2,0
BRDA:14,35,3,0
BRDA:14,35,4,0
BRDA:14,36,0,0
BRDA:14,36,1,0
BRDA:14,37,0,0
BRDA:14,37,1,0
BRDA:14,38,0,0
BRDA:14,38,1,0
BRDA:14,39,0,0
BRDA:14,39,1,0
BRDA:14,40,0,0
BRDA:14,40,1,0
BRDA:14,41,0,0
BRDA:14,41,1,0
BRDA:14,42,0,1
BRDA:14,42,1,1
BRDA:14,43,0,1
BRDA:14,43,1,0
BRDA:14,44,0,1
BRDA:14,44,1,0
BRDA:14,45,0,0
BRDA:14,45,1,0
BRDA:14,46,0,0
BRDA:14,46,1,0
BRDA:14,47,0,0
BRDA:14,47,1,0
BRDA:14,48,0,0
BRDA:14,48,1,0
BRDA:14,49,0,0
BRDA:14,49,1,0
BRDA:14,49,2,0
BRDA:14,50,0,0
BRDA:14,50,1,0
BRDA:14,51,0,1
BRDA:14,51,1,0
BRDA:14,52,0,0
BRDA:14,52,1,0
BRDA:14,53,0,0
BRDA:14,53,1,0
BRDA:14,54,0,0
BRDA:14,54,1,0
BRDA:14,55,0,0
BRDA:14,55,1,0
BRDA:14,56,0,0
BRDA:14,56,1,1
BRDA:14,57,0,0
BRDA:14,57,1,0
BRDA:14,57,2,0
BRDA:14,57,3,0
BRDA:14,58,0,0
BRDA:14,58,1,1
BRDA:14,59,0,0
BRDA:14,59,1,0
BRDA:14,60,0,0
BRDA:14,60,1,0
BRDA:14,61,0,0
BRDA:14,61,1,0
BRDA:14,62,0,0
BRDA:14,62,1,0
BRDA:14,63,0,0
BRDA:14,63,1,0
BRDA:14,64,0,0
BRDA:14,64,1,0
BRDA:14,65,0,0
BRDA:14,65,1,0
BRDA:14,66,0,0
BRDA:14,66,1,0
BRDA:14,67,0,0
BRDA:14,67,1,0
BRDA:14,68,0,0
BRDA:14,68,1,0
BRDA:14,69,0,0
BRDA:14,69,1,0
BRDA:14,70,0,0
BRDA:14,70,1,0
BRDA:14,71,0,0
BRDA:14,71,1,0
BRDA:14,72,0,0
BRDA:14,72,1,0
BRDA:14,72,2,0
BRDA:14,73,0,0
BRDA:14,73,1,0
BRDA:14,73,2,0
BRDA:14,73,3,0
BRDA:14,73,4,0
BRDA:14,73,5,0
BRDA:14,74,0,0
BRDA:14,74,1,0
BRDA:14,75,0,0
BRDA:14,75,1,0
BRDA:14,76,0,0
BRDA:14,76,1,0
BRDA:14,77,0,0
BRDA:14,77,1,0
BRDA:14,78,0,0
BRDA:14,78,1,0
BRDA:14,79,0,0
BRDA:14,79,1,0
BRDA:14,80,0,0
BRDA:14,80,1,0
BRDA:14,80,2,0
BRDA:14,81,0,0
BRDA:14,81,1,0
BRDA:14,82,0,0
BRDA:14,82,1,0
BRDA:14,83,0,0
BRDA:14,83,1,0
BRDA:14,84,0,0
BRDA:14,84,1,0
BRDA:15,85,0,1
BRDA:15,85,1,0
BRDA:30,86,0,1
BRDA:30,86,1,1
BRDA:30,86,2,1
BRDA:39,87,0,0
BRDA:39,87,1,1
BRDA:42,88,0,0
BRDA:42,88,1,0
BRDA:42,88,2,0
BRF:197
BRH:38
end_of_record
TN:
SF:packages/api/services/dist/index.js
FN:7,(anonymous_0)
FN:12,get
FN:18,(anonymous_2)
FN:23,get
FN:29,(anonymous_4)
FN:34,get
FNF:6
FNH:4
FNDA:4,(anonymous_0)
FNDA:0,get
FNDA:4,(anonymous_2)
FNDA:0,get
FNDA:4,(anonymous_4)
FNDA:6,get
DA:3,1
DA:6,1
DA:7,1
DA:8,4
DA:9,4
DA:10,4
DA:13,0
DA:17,1
DA:18,1
DA:19,4
DA:20,4
DA:21,4
DA:24,0
DA:28,1
DA:29,1
DA:30,4
DA:31,4
DA:32,4
DA:35,6
LF:19
LH:17
BRDA:8,0,0,0
BRDA:8,0,1,4
BRDA:8,1,0,4
BRDA:8,1,1,4
BRDA:9,2,0,0
BRDA:9,2,1,4
BRDA:9,3,0,4
BRDA:9,3,1,0
BRDA:19,4,0,0
BRDA:19,4,1,4
BRDA:19,5,0,4
BRDA:19,5,1,4
BRDA:20,6,0,0
BRDA:20,6,1,4
BRDA:20,7,0,4
BRDA:20,7,1,0
BRDA:30,8,0,0
BRDA:30,8,1,4
BRDA:30,9,0,4
BRDA:30,9,1,4
BRDA:31,10,0,0
BRDA:31,10,1,4
BRDA:31,11,0,4
BRDA:31,11,1,0
BRF:24
BRH:15
end_of_record
TN:
SF:packages/api/services/dist/todo-list-item.services.js
FN:8,_interopRequireDefault
FN:9,mapNewTodoListItem
FN:26,mapDeleteRequest
FN:42,mapFindByIdRequest
FN:55,mapUpdateListItem
FNF:5
FNH:1
FNDA:1,_interopRequireDefault
FNDA:0,mapNewTodoListItem
FNDA:0,mapDeleteRequest
FNDA:0,mapFindByIdRequest
FNDA:0,mapUpdateListItem
DA:3,1
DA:6,1
DA:7,1
DA:8,1
DA:9,1
DA:10,0
DA:11,0
DA:12,0
DA:13,0
DA:14,0
DA:15,0
DA:17,0
DA:18,0
DA:25,1
DA:26,1
DA:27,0
DA:28,0
DA:29,0
DA:30,0
DA:31,0
DA:33,0
DA:34,0
DA:35,0
DA:41,1
DA:42,1
DA:43,0
DA:44,0
DA:45,0
DA:46,0
DA:48,0
DA:49,0
DA:54,1
DA:55,1
DA:56,0
DA:57,0
DA:58,0
DA:59,0
DA:60,0
DA:61,0
DA:62,0
DA:64,0
DA:65,0
DA:73,1
LF:43
LH:12
BRDA:8,0,0,0
BRDA:8,0,1,1
BRDA:8,1,0,1
BRDA:8,1,1,1
BRDA:14,2,0,0
BRDA:14,2,1,0
BRDA:14,3,0,0
BRDA:14,3,1,0
BRDA:14,3,2,0
BRDA:30,4,0,0
BRDA:30,4,1,0
BRDA:30,5,0,0
BRDA:30,5,1,0
BRDA:45,6,0,0
BRDA:45,6,1,0
BRDA:61,7,0,0
BRDA:61,7,1,0
BRDA:61,8,0,0
BRDA:61,8,1,0
BRDA:61,8,2,0
BRDA:61,8,3,0
BRF:21
BRH:3
end_of_record
TN:
SF:packages/api/services/dist/todo-list.services.js
FN:8,_interopRequireDefault
FN:9,mapNewTodoList
FN:24,mapTodoListDeleteRequest
FN:40,mapFindListByIdRequest
FN:53,mapGetAllTodoListsRequest
FNF:5
FNH:1
FNDA:1,_interopRequireDefault
FNDA:0,mapNewTodoList
FNDA:0,mapTodoListDeleteRequest
FNDA:0,mapFindListByIdRequest
FNDA:0,mapGetAllTodoListsRequest
DA:3,1
DA:6,1
DA:7,1
DA:8,1
DA:9,1
DA:10,0
DA:11,0
DA:12,0
DA:13,0
DA:14,0
DA:16,0
DA:17,0
DA:23,1
DA:24,1
DA:25,0
DA:26,0
DA:27,0
DA:28,0
DA:29,0
DA:31,0
DA:32,0
DA:33,0
DA:39,1
DA:40,1
DA:41,0
DA:42,0
DA:43,0
DA:44,0
DA:46,0
DA:47,0
DA:52,1
DA:53,1
DA:54,0
DA:55,0
DA:56,0
DA:57,0
DA:59,0
DA:60,0
DA:65,1
LF:39
LH:12
BRDA:8,0,0,0
BRDA:8,0,1,1
BRDA:8,1,0,1
BRDA:8,1,1,1
BRDA:13,2,0,0
BRDA:13,2,1,0
BRDA:13,3,0,0
BRDA:13,3,1,0
BRDA:28,4,0,0
BRDA:28,4,1,0
BRDA:28,5,0,0
BRDA:28,5,1,0
BRDA:43,6,0,0
BRDA:43,6,1,0
BRDA:56,7,0,0
BRDA:56,7,1,0
BRF:16
BRH:3
end_of_record
TN:
SF:packages/api/services/dist/user.services.js
FN:7,mapUserProfileRequest
FN:25,mapUserLoginRequest
FN:39,mapLogoutRequest
FN:56,mapUserProfileUpdateRequest
FNF:4
FNH:4
FNDA:1,mapUserProfileRequest
FNDA:3,mapUserLoginRequest
FNDA:1,mapLogoutRequest
FNDA:1,mapUserProfileUpdateRequest
DA:3,1
DA:6,1
DA:7,1
DA:8,1
DA:9,1
DA:10,1
DA:11,1
DA:12,1
DA:13,1
DA:14,0
DA:16,1
DA:24,1
DA:25,1
DA:26,3
DA:27,3
DA:28,3
DA:29,3
DA:30,0
DA:32,3
DA:38,1
DA:39,1
DA:40,1
DA:41,1
DA:42,1
DA:43,1
DA:44,1
DA:46,1
DA:47,0
DA:49,1
DA:55,1
DA:56,1
DA:57,1
DA:58,1
DA:59,1
DA:60,1
DA:61,1
DA:62,1
DA:63,1
DA:64,0
DA:66,1
DA:75,1
LF:41
LH:37
BRDA:13,0,0,0
BRDA:13,0,1,1
BRDA:13,1,0,1
BRDA:13,1,1,1
BRDA:13,1,2,1
BRDA:13,1,3,1
BRDA:29,2,0,0
BRDA:29,2,1,3
BRDA:29,3,0,3
BRDA:29,3,1,3
BRDA:43,4,0,1
BRDA:43,4,1,0
BRDA:46,5,0,0
BRDA:46,5,1,1
BRDA:63,6,0,0
BRDA:63,6,1,1
BRDA:63,7,0,1
BRDA:63,7,1,1
BRDA:63,7,2,1
BRDA:63,7,3,1
BRDA:63,7,4,1
BRF:21
BRH:16
end_of_record
TN:
SF:packages/core/domain/entities/dist/enum.js
FN:7,(anonymous_0)
FN:13,(anonymous_1)
FN:20,(anonymous_2)
FN:26,(anonymous_3)
FN:32,(anonymous_4)
FN:41,(anonymous_5)
FN:47,(anonymous_6)
FN:54,(anonymous_7)
FN:63,(anonymous_8)
FNF:9
FNH:9
FNDA:1,(anonymous_0)
FNDA:1,(anonymous_1)
FNDA:1,(anonymous_2)
FNDA:1,(anonymous_3)
FNDA:1,(anonymous_4)
FNDA:1,(anonymous_5)
FNDA:1,(anonymous_6)
FNDA:1,(anonymous_7)
FNDA:1,(anonymous_8)
DA:3,1
DA:6,1
DA:7,1
DA:8,1
DA:9,1
DA:10,1
DA:12,1
DA:13,1
DA:14,1
DA:15,1
DA:16,1
DA:17,1
DA:19,1
DA:20,1
DA:21,1
DA:22,1
DA:23,1
DA:25,1
DA:26,1
DA:27,1
DA:28,1
DA:29,1
DA:31,1
DA:32,1
DA:33,1
DA:34,1
DA:35,1
DA:36,1
DA:37,1
DA:38,1
DA:40,1
DA:41,1
DA:42,1
DA:43,1
DA:44,1
DA:46,1
DA:47,1
DA:48,1
DA:49,1
DA:50,1
DA:51,1
DA:53,1
DA:54,1
DA:55,1
DA:56,1
DA:57,1
DA:58,1
DA:59,1
DA:60,1
DA:62,1
DA:63,1
DA:64,1
DA:65,1
DA:66,1
DA:67,1
DA:68,1
DA:69,1
DA:70,1
DA:71,1
DA:72,1
DA:73,1
DA:74,1
DA:75,1
DA:76,1
DA:78,1
LF:65
LH:65
BRF:0
BRH:0
end_of_record
TN:
SF:packages/core/domain/entities/dist/http.js
FNF:0
FNH:0
DA:3,1
LF:1
LH:1
BRF:0
BRH:0
end_of_record
TN:
SF:packages/core/domain/entities/dist/index.js
FN:7,(anonymous_0)
FN:12,get
FN:18,(anonymous_2)
FN:23,get
FN:29,(anonymous_4)
FN:34,get
FN:40,(anonymous_6)
FN:45,get
FN:51,(anonymous_8)
FN:56,get
FN:62,(anonymous_10)
FN:67,get
FN:73,(anonymous_12)
FN:78,get
FNF:14
FNH:2
FNDA:0,(anonymous_0)
FNDA:0,get
FNDA:9,(anonymous_2)
FNDA:16,get
FNDA:0,(anonymous_4)
FNDA:0,get
FNDA:0,(anonymous_6)
FNDA:0,get
FNDA:0,(anonymous_8)
FNDA:0,get
FNDA:0,(anonymous_10)
FNDA:0,get
FNDA:0,(anonymous_12)
FNDA:0,get
DA:3,1
DA:6,1
DA:7,1
DA:8,0
DA:9,0
DA:10,0
DA:13,0
DA:17,1
DA:18,1
DA:19,9
DA:20,9
DA:21,9
DA:24,16
DA:28,1
DA:29,1
DA:30,0
DA:31,0
DA:32,0
DA:35,0
DA:39,1
DA:40,1
DA:41,0
DA:42,0
DA:43,0
DA:46,0
DA:50,1
DA:51,1
DA:52,0
DA:53,0
DA:54,0
DA:57,0
DA:61,1
DA:62,1
DA:63,0
DA:64,0
DA:65,0
DA:68,0
DA:72,1
DA:73,1
DA:74,0
DA:75,0
DA:76,0
DA:79,0
LF:43
LH:19
BRDA:8,0,0,0
BRDA:8,0,1,0
BRDA:8,1,0,0
BRDA:8,1,1,0
BRDA:9,2,0,0
BRDA:9,2,1,0
BRDA:9,3,0,0
BRDA:9,3,1,0
BRDA:19,4,0,0
BRDA:19,4,1,9
BRDA:19,5,0,9
BRDA:19,5,1,9
BRDA:20,6,0,0
BRDA:20,6,1,9
BRDA:20,7,0,9
BRDA:20,7,1,0
BRDA:30,8,0,0
BRDA:30,8,1,0
BRDA:30,9,0,0
BRDA:30,9,1,0
BRDA:31,10,0,0
BRDA:31,10,1,0
BRDA:31,11,0,0
BRDA:31,11,1,0
BRDA:41,12,0,0
BRDA:41,12,1,0
BRDA:41,13,0,0
BRDA:41,13,1,0
BRDA:42,14,0,0
BRDA:42,14,1,0
BRDA:42,15,0,0
BRDA:42,15,1,0
BRDA:52,16,0,0
BRDA:52,16,1,0
BRDA:52,17,0,0
BRDA:52,17,1,0
BRDA:53,18,0,0
BRDA:53,18,1,0
BRDA:53,19,0,0
BRDA:53,19,1,0
BRDA:63,20,0,0
BRDA:63,20,1,0
BRDA:63,21,0,0
BRDA:63,21,1,0
BRDA:64,22,0,0
BRDA:64,22,1,0
BRDA:64,23,0,0
BRDA:64,23,1,0
BRDA:74,24,0,0
BRDA:74,24,1,0
BRDA:74,25,0,0
BRDA:74,25,1,0
BRDA:75,26,0,0
BRDA:75,26,1,0
BRDA:75,27,0,0
BRDA:75,27,1,0
BRF:56
BRH:5
end_of_record
TN:
SF:packages/core/domain/entities/dist/todolist.js
FNF:0
FNH:0
DA:3,1
LF:1
LH:1
BRF:0
BRH:0
end_of_record
TN:
SF:packages/core/domain/entities/dist/todolistitem.js
FNF:0
FNH:0
DA:3,1
LF:1
LH:1
BRF:0
BRH:0
end_of_record
TN:
SF:packages/core/domain/entities/dist/todolists.js
FNF:0
FNH:0
DA:3,1
LF:1
LH:1
BRF:0
BRH:0
end_of_record
TN:
SF:packages/core/domain/entities/dist/user-interface.js
FNF:0
FNH:0
DA:3,1
LF:1
LH:1
BRF:0
BRH:0
end_of_record
TN:
SF:packages/core/domain/entities/dist/user.js
FNF:0
FNH:0
DA:3,1
LF:1
LH:1
BRF:0
BRH:0
end_of_record
