TN:
SF:packages/api/controllers/dist/index.js
FN:7,(anonymous_0)
FN:12,get
FN:18,(anonymous_2)
FN:23,get
FN:29,(anonymous_4)
FN:34,get
FNF:6
FNH:6
FNDA:8,(anonymous_0)
FNDA:8,get
FNDA:8,(anonymous_2)
FNDA:8,get
FNDA:8,(anonymous_4)
FNDA:8,get
DA:3,2
DA:6,2
DA:7,2
DA:8,8
DA:9,8
DA:10,8
DA:13,8
DA:17,2
DA:18,2
DA:19,8
DA:20,8
DA:21,8
DA:24,8
DA:28,2
DA:29,2
DA:30,8
DA:31,8
DA:32,8
DA:35,8
LF:19
LH:19
BRDA:8,0,0,0
BRDA:8,0,1,8
BRDA:8,1,0,8
BRDA:8,1,1,8
BRDA:9,2,0,0
BRDA:9,2,1,8
BRDA:9,3,0,8
BRDA:9,3,1,0
BRDA:19,4,0,0
BRDA:19,4,1,8
BRDA:19,5,0,8
BRDA:19,5,1,8
BRDA:20,6,0,0
BRDA:20,6,1,8
BRDA:20,7,0,8
BRDA:20,7,1,0
BRDA:30,8,0,0
BRDA:30,8,1,8
BRDA:30,9,0,8
BRDA:30,9,1,8
BRDA:31,10,0,0
BRDA:31,10,1,8
BRDA:31,11,0,8
BRDA:31,11,1,0
BRF:24
BRH:15
end_of_record
TN:
SF:packages/api/controllers/dist/todo-list-item.controller.js
FN:3,_typeof
FN:3,(anonymous_1)
FN:3,(anonymous_2)
FN:10,_regeneratorRuntime
FN:10,_regeneratorRuntime
FN:10,(anonymous_5)
FN:10,define
FN:10,define
FN:10,wrap
FN:10,tryCatch
FN:10,Generator
FN:10,GeneratorFunction
FN:10,GeneratorFunctionPrototype
FN:10,(anonymous_13)
FN:10,defineIteratorMethods
FN:10,(anonymous_15)
FN:10,(anonymous_16)
FN:10,AsyncIterator
FN:10,invoke
FN:10,(anonymous_19)
FN:10,(anonymous_20)
FN:10,(anonymous_21)
FN:10,(anonymous_22)
FN:10,value
FN:10,callInvokeWithMethodAndArg
FN:10,(anonymous_25)
FN:10,makeInvokeMethod
FN:10,(anonymous_27)
FN:10,maybeInvokeDelegate
FN:10,pushTryEntry
FN:10,resetTryEntry
FN:10,Context
FN:10,values
FN:10,next
FN:10,doneResult
FN:10,(anonymous_35)
FN:10,(anonymous_36)
FN:10,(anonymous_37)
FN:10,(anonymous_38)
FN:10,(anonymous_39)
FN:10,(anonymous_40)
FN:10,(anonymous_41)
FN:10,(anonymous_42)
FN:10,(anonymous_43)
FN:10,next
FN:10,reset
FN:10,stop
FN:10,dispatchException
FN:10,handle
FN:10,abrupt
FN:10,complete
FN:10,finish
FN:10,_catch
FN:10,delegateYield
FN:11,asyncGeneratorStep
FN:12,_asyncToGenerator
FN:12,(anonymous_56)
FN:12,(anonymous_57)
FN:12,_next
FN:12,_throw
FN:13,(anonymous_60)
FN:14,_callee
FN:16,_callee$
FN:52,addNewListItem
FN:57,(anonymous_64)
FN:58,_callee2
FN:60,_callee2$
FN:93,deleteListItem
FN:98,(anonymous_68)
FN:99,_callee3
FN:101,_callee3$
FN:121,getTodoListItemById
FN:126,(anonymous_72)
FN:127,_callee4
FN:129,_callee4$
FN:158,updateListItem
FNF:76
FNH:29
FNDA:0,_typeof
FNDA:0,(anonymous_1)
FNDA:0,(anonymous_2)
FNDA:2,_regeneratorRuntime
FNDA:7,_regeneratorRuntime
FNDA:0,(anonymous_5)
FNDA:26,define
FNDA:0,define
FNDA:1,wrap
FNDA:3,tryCatch
FNDA:0,Generator
FNDA:0,GeneratorFunction
FNDA:0,GeneratorFunctionPrototype
FNDA:0,(anonymous_13)
FNDA:4,defineIteratorMethods
FNDA:12,(anonymous_15)
FNDA:3,(anonymous_16)
FNDA:0,AsyncIterator
FNDA:0,invoke
FNDA:0,(anonymous_19)
FNDA:0,(anonymous_20)
FNDA:0,(anonymous_21)
FNDA:0,(anonymous_22)
FNDA:0,value
FNDA:0,callInvokeWithMethodAndArg
FNDA:0,(anonymous_25)
FNDA:1,makeInvokeMethod
FNDA:3,(anonymous_27)
FNDA:0,maybeInvokeDelegate
FNDA:1,pushTryEntry
FNDA:2,resetTryEntry
FNDA:1,Context
FNDA:2,values
FNDA:0,next
FNDA:0,doneResult
FNDA:0,(anonymous_35)
FNDA:8,(anonymous_36)
FNDA:0,(anonymous_37)
FNDA:0,(anonymous_38)
FNDA:0,(anonymous_39)
FNDA:0,(anonymous_40)
FNDA:0,(anonymous_41)
FNDA:0,(anonymous_42)
FNDA:0,(anonymous_43)
FNDA:0,next
FNDA:1,reset
FNDA:1,stop
FNDA:0,dispatchException
FNDA:0,handle
FNDA:0,abrupt
FNDA:0,complete
FNDA:0,finish
FNDA:0,_catch
FNDA:0,delegateYield
FNDA:3,asyncGeneratorStep
FNDA:8,_asyncToGenerator
FNDA:1,(anonymous_56)
FNDA:1,(anonymous_57)
FNDA:3,_next
FNDA:0,_throw
FNDA:2,(anonymous_60)
FNDA:1,_callee
FNDA:3,_callee$
FNDA:1,addNewListItem
FNDA:2,(anonymous_64)
FNDA:0,_callee2
FNDA:0,_callee2$
FNDA:0,deleteListItem
FNDA:2,(anonymous_68)
FNDA:0,_callee3
FNDA:0,_callee3$
FNDA:0,getTodoListItemById
FNDA:2,(anonymous_72)
FNDA:0,_callee4
FNDA:0,_callee4$
FNDA:0,updateListItem
DA:3,0
DA:4,2
DA:7,2
DA:8,2
DA:9,2
DA:10,26
DA:11,3
DA:12,8
DA:13,2
DA:14,2
DA:16,1
DA:17,4
DA:19,1
DA:20,1
DA:21,1
DA:22,1
DA:23,1
DA:24,1
DA:29,1
DA:30,1
DA:31,1
DA:39,1
DA:40,1
DA:41,1
DA:43,0
DA:44,0
DA:45,0
DA:48,1
DA:52,2
DA:53,1
DA:56,2
DA:57,2
DA:58,2
DA:60,0
DA:61,0
DA:63,0
DA:64,0
DA:65,0
DA:66,0
DA:67,0
DA:71,0
DA:72,0
DA:80,0
DA:81,0
DA:82,0
DA:84,0
DA:85,0
DA:86,0
DA:89,0
DA:93,2
DA:94,0
DA:97,2
DA:98,2
DA:99,2
DA:101,0
DA:102,0
DA:104,0
DA:105,0
DA:106,0
DA:107,0
DA:109,0
DA:110,0
DA:111,0
DA:113,0
DA:117,0
DA:121,2
DA:122,0
DA:125,2
DA:126,2
DA:127,2
DA:129,0
DA:130,0
DA:132,0
DA:133,0
DA:134,0
DA:135,0
DA:136,0
DA:137,0
DA:145,0
DA:146,0
DA:147,0
DA:149,0
DA:150,0
DA:151,0
DA:154,0
DA:158,2
DA:159,0
DA:162,2
LF:88
LH:39
BRDA:3,0,0,0
BRDA:3,0,1,0
BRDA:3,1,0,0
BRDA:3,1,1,0
BRDA:3,2,0,0
BRDA:3,2,1,0
BRDA:3,3,0,0
BRDA:3,3,1,0
BRDA:3,3,2,0
BRDA:3,3,3,0
BRDA:10,4,0,2
BRDA:10,4,1,0
BRDA:10,5,0,2
BRDA:10,5,1,0
BRDA:10,6,0,2
BRDA:10,6,1,0
BRDA:10,7,0,2
BRDA:10,7,1,0
BRDA:10,8,0,2
BRDA:10,8,1,0
BRDA:10,9,0,1
BRDA:10,9,1,0
BRDA:10,10,0,1
BRDA:10,10,1,1
BRDA:10,11,0,1
BRDA:10,11,1,0
BRDA:10,12,0,2
BRDA:10,12,1,2
BRDA:10,13,0,2
BRDA:10,13,1,2
BRDA:10,13,2,2
BRDA:10,13,3,2
BRDA:10,14,0,0
BRDA:10,14,1,0
BRDA:10,15,0,0
BRDA:10,15,1,0
BRDA:10,16,0,0
BRDA:10,16,1,0
BRDA:10,16,2,0
BRDA:10,17,0,0
BRDA:10,17,1,0
BRDA:10,18,0,0
BRDA:10,18,1,3
BRDA:10,19,0,0
BRDA:10,19,1,3
BRDA:10,20,0,0
BRDA:10,20,1,0
BRDA:10,21,0,0
BRDA:10,21,1,3
BRDA:10,22,0,0
BRDA:10,22,1,0
BRDA:10,23,0,0
BRDA:10,23,1,0
BRDA:10,24,0,3
BRDA:10,24,1,0
BRDA:10,25,0,0
BRDA:10,25,1,0
BRDA:10,26,0,0
BRDA:10,26,1,0
BRDA:10,27,0,0
BRDA:10,27,1,0
BRDA:10,28,0,3
BRDA:10,28,1,0
BRDA:10,29,0,0
BRDA:10,29,1,3
BRDA:10,30,0,1
BRDA:10,30,1,2
BRDA:10,31,0,0
BRDA:10,31,1,0
BRDA:10,32,0,0
BRDA:10,32,1,0
BRDA:10,33,0,0
BRDA:10,33,1,0
BRDA:10,33,2,0
BRDA:10,33,3,0
BRDA:10,33,4,0
BRDA:10,34,0,0
BRDA:10,34,1,0
BRDA:10,35,0,0
BRDA:10,35,1,0
BRDA:10,36,0,0
BRDA:10,36,1,0
BRDA:10,37,0,0
BRDA:10,37,1,0
BRDA:10,38,0,1
BRDA:10,38,1,1
BRDA:10,39,0,1
BRDA:10,39,1,0
BRDA:10,40,0,2
BRDA:10,40,1,2
BRDA:10,41,0,2
BRDA:10,41,1,0
BRDA:10,42,0,2
BRDA:10,42,1,0
BRDA:10,43,0,0
BRDA:10,43,1,0
BRDA:10,44,0,0
BRDA:10,44,1,0
BRDA:10,45,0,0
BRDA:10,45,1,0
BRDA:10,46,0,0
BRDA:10,46,1,0
BRDA:10,47,0,0
BRDA:10,47,1,0
BRDA:10,47,2,0
BRDA:10,48,0,0
BRDA:10,48,1,0
BRDA:10,49,0,8
BRDA:10,49,1,0
BRDA:10,50,0,0
BRDA:10,50,1,0
BRDA:10,51,0,0
BRDA:10,51,1,0
BRDA:10,52,0,0
BRDA:10,52,1,0
BRDA:10,53,0,0
BRDA:10,53,1,0
BRDA:10,54,0,0
BRDA:10,54,1,1
BRDA:10,55,0,0
BRDA:10,55,1,0
BRDA:10,55,2,0
BRDA:10,55,3,0
BRDA:10,56,0,0
BRDA:10,56,1,1
BRDA:10,57,0,0
BRDA:10,57,1,0
BRDA:10,58,0,0
BRDA:10,58,1,0
BRDA:10,59,0,0
BRDA:10,59,1,0
BRDA:10,60,0,0
BRDA:10,60,1,0
BRDA:10,61,0,0
BRDA:10,61,1,0
BRDA:10,62,0,0
BRDA:10,62,1,0
BRDA:10,63,0,0
BRDA:10,63,1,0
BRDA:10,64,0,0
BRDA:10,64,1,0
BRDA:10,65,0,0
BRDA:10,65,1,0
BRDA:10,66,0,0
BRDA:10,66,1,0
BRDA:10,67,0,0
BRDA:10,67,1,0
BRDA:10,68,0,0
BRDA:10,68,1,0
BRDA:10,69,0,0
BRDA:10,69,1,0
BRDA:10,70,0,0
BRDA:10,70,1,0
BRDA:10,70,2,0
BRDA:10,71,0,0
BRDA:10,71,1,0
BRDA:10,71,2,0
BRDA:10,71,3,0
BRDA:10,71,4,0
BRDA:10,71,5,0
BRDA:10,72,0,0
BRDA:10,72,1,0
BRDA:10,73,0,0
BRDA:10,73,1,0
BRDA:10,74,0,0
BRDA:10,74,1,0
BRDA:10,75,0,0
BRDA:10,75,1,0
BRDA:10,76,0,0
BRDA:10,76,1,0
BRDA:10,77,0,0
BRDA:10,77,1,0
BRDA:10,78,0,0
BRDA:10,78,1,0
BRDA:10,78,2,0
BRDA:10,79,0,0
BRDA:10,79,1,0
BRDA:10,80,0,0
BRDA:10,80,1,0
BRDA:10,81,0,0
BRDA:10,81,1,0
BRDA:10,82,0,0
BRDA:10,82,1,0
BRDA:11,83,0,1
BRDA:11,83,1,2
BRDA:17,84,0,1
BRDA:17,84,1,1
BRDA:17,84,2,1
BRDA:17,84,3,0
BRDA:17,84,4,1
BRDA:17,84,5,1
BRDA:61,85,0,0
BRDA:61,85,1,0
BRDA:61,85,2,0
BRDA:61,85,3,0
BRDA:61,85,4,0
BRDA:61,85,5,0
BRDA:102,86,0,0
BRDA:102,86,1,0
BRDA:102,86,2,0
BRDA:102,86,3,0
BRDA:130,87,0,0
BRDA:130,87,1,0
BRDA:130,87,2,0
BRDA:130,87,3,0
BRDA:130,87,4,0
BRF:206
BRH:40
end_of_record
TN:
SF:packages/api/controllers/dist/todo-list.controller.js
FN:3,_typeof
FN:3,(anonymous_1)
FN:3,(anonymous_2)
FN:10,_regeneratorRuntime
FN:10,_regeneratorRuntime
FN:10,(anonymous_5)
FN:10,define
FN:10,define
FN:10,wrap
FN:10,tryCatch
FN:10,Generator
FN:10,GeneratorFunction
FN:10,GeneratorFunctionPrototype
FN:10,(anonymous_13)
FN:10,defineIteratorMethods
FN:10,(anonymous_15)
FN:10,(anonymous_16)
FN:10,AsyncIterator
FN:10,invoke
FN:10,(anonymous_19)
FN:10,(anonymous_20)
FN:10,(anonymous_21)
FN:10,(anonymous_22)
FN:10,value
FN:10,callInvokeWithMethodAndArg
FN:10,(anonymous_25)
FN:10,makeInvokeMethod
FN:10,(anonymous_27)
FN:10,maybeInvokeDelegate
FN:10,pushTryEntry
FN:10,resetTryEntry
FN:10,Context
FN:10,values
FN:10,next
FN:10,doneResult
FN:10,(anonymous_35)
FN:10,(anonymous_36)
FN:10,(anonymous_37)
FN:10,(anonymous_38)
FN:10,(anonymous_39)
FN:10,(anonymous_40)
FN:10,(anonymous_41)
FN:10,(anonymous_42)
FN:10,(anonymous_43)
FN:10,next
FN:10,reset
FN:10,stop
FN:10,dispatchException
FN:10,handle
FN:10,abrupt
FN:10,complete
FN:10,finish
FN:10,_catch
FN:10,delegateYield
FN:11,asyncGeneratorStep
FN:12,_asyncToGenerator
FN:12,(anonymous_56)
FN:12,(anonymous_57)
FN:12,_next
FN:12,_throw
FN:13,(anonymous_60)
FN:14,_callee
FN:16,_callee$
FN:50,addNewTodoList
FN:55,(anonymous_64)
FN:56,_callee2
FN:58,_callee2$
FN:84,deleteTodoList
FN:89,(anonymous_68)
FN:90,_callee3
FN:92,_callee3$
FN:112,getTodoListById
FN:117,(anonymous_72)
FN:118,_callee4
FN:120,_callee4$
FN:142,getAllTodoLists
FNF:76
FNH:12
FNDA:0,_typeof
FNDA:0,(anonymous_1)
FNDA:0,(anonymous_2)
FNDA:2,_regeneratorRuntime
FNDA:6,_regeneratorRuntime
FNDA:0,(anonymous_5)
FNDA:26,define
FNDA:0,define
FNDA:0,wrap
FNDA:0,tryCatch
FNDA:0,Generator
FNDA:0,GeneratorFunction
FNDA:0,GeneratorFunctionPrototype
FNDA:0,(anonymous_13)
FNDA:4,defineIteratorMethods
FNDA:12,(anonymous_15)
FNDA:0,(anonymous_16)
FNDA:0,AsyncIterator
FNDA:0,invoke
FNDA:0,(anonymous_19)
FNDA:0,(anonymous_20)
FNDA:0,(anonymous_21)
FNDA:0,(anonymous_22)
FNDA:0,value
FNDA:0,callInvokeWithMethodAndArg
FNDA:0,(anonymous_25)
FNDA:0,makeInvokeMethod
FNDA:0,(anonymous_27)
FNDA:0,maybeInvokeDelegate
FNDA:0,pushTryEntry
FNDA:0,resetTryEntry
FNDA:0,Context
FNDA:2,values
FNDA:0,next
FNDA:0,doneResult
FNDA:0,(anonymous_35)
FNDA:8,(anonymous_36)
FNDA:0,(anonymous_37)
FNDA:0,(anonymous_38)
FNDA:0,(anonymous_39)
FNDA:0,(anonymous_40)
FNDA:0,(anonymous_41)
FNDA:0,(anonymous_42)
FNDA:0,(anonymous_43)
FNDA:0,next
FNDA:0,reset
FNDA:0,stop
FNDA:0,dispatchException
FNDA:0,handle
FNDA:0,abrupt
FNDA:0,complete
FNDA:0,finish
FNDA:0,_catch
FNDA:0,delegateYield
FNDA:0,asyncGeneratorStep
FNDA:8,_asyncToGenerator
FNDA:0,(anonymous_56)
FNDA:0,(anonymous_57)
FNDA:0,_next
FNDA:0,_throw
FNDA:2,(anonymous_60)
FNDA:0,_callee
FNDA:0,_callee$
FNDA:0,addNewTodoList
FNDA:2,(anonymous_64)
FNDA:0,_callee2
FNDA:0,_callee2$
FNDA:0,deleteTodoList
FNDA:2,(anonymous_68)
FNDA:0,_callee3
FNDA:0,_callee3$
FNDA:0,getTodoListById
FNDA:2,(anonymous_72)
FNDA:0,_callee4
FNDA:0,_callee4$
FNDA:0,getAllTodoLists
DA:3,0
DA:4,2
DA:7,2
DA:8,2
DA:9,2
DA:10,26
DA:11,0
DA:12,8
DA:13,2
DA:14,2
DA:16,0
DA:17,0
DA:19,0
DA:20,0
DA:21,0
DA:24,0
DA:25,0
DA:26,0
DA:28,0
DA:29,0
DA:37,0
DA:38,0
DA:39,0
DA:41,0
DA:42,0
DA:43,0
DA:46,0
DA:50,2
DA:51,0
DA:54,2
DA:55,2
DA:56,2
DA:58,0
DA:59,0
DA:61,0
DA:62,0
DA:63,0
DA:64,0
DA:67,0
DA:74,0
DA:76,0
DA:80,0
DA:84,2
DA:85,0
DA:88,2
DA:89,2
DA:90,2
DA:92,0
DA:93,0
DA:95,0
DA:96,0
DA:97,0
DA:98,0
DA:100,0
DA:101,0
DA:102,0
DA:104,0
DA:108,0
DA:112,2
DA:113,0
DA:116,2
DA:117,2
DA:118,2
DA:120,0
DA:121,0
DA:123,0
DA:124,0
DA:125,0
DA:126,0
DA:130,0
DA:131,0
DA:132,0
DA:134,0
DA:138,0
DA:142,2
DA:143,0
DA:146,2
LF:77
LH:22
BRDA:3,0,0,0
BRDA:3,0,1,0
BRDA:3,1,0,0
BRDA:3,1,1,0
BRDA:3,2,0,0
BRDA:3,2,1,0
BRDA:3,3,0,0
BRDA:3,3,1,0
BRDA:3,3,2,0
BRDA:3,3,3,0
BRDA:10,4,0,2
BRDA:10,4,1,0
BRDA:10,5,0,2
BRDA:10,5,1,0
BRDA:10,6,0,2
BRDA:10,6,1,0
BRDA:10,7,0,2
BRDA:10,7,1,0
BRDA:10,8,0,2
BRDA:10,8,1,0
BRDA:10,9,0,0
BRDA:10,9,1,0
BRDA:10,10,0,0
BRDA:10,10,1,0
BRDA:10,11,0,0
BRDA:10,11,1,0
BRDA:10,12,0,2
BRDA:10,12,1,2
BRDA:10,13,0,2
BRDA:10,13,1,2
BRDA:10,13,2,2
BRDA:10,13,3,2
BRDA:10,14,0,0
BRDA:10,14,1,0
BRDA:10,15,0,0
BRDA:10,15,1,0
BRDA:10,16,0,0
BRDA:10,16,1,0
BRDA:10,16,2,0
BRDA:10,17,0,0
BRDA:10,17,1,0
BRDA:10,18,0,0
BRDA:10,18,1,0
BRDA:10,19,0,0
BRDA:10,19,1,0
BRDA:10,20,0,0
BRDA:10,20,1,0
BRDA:10,21,0,0
BRDA:10,21,1,0
BRDA:10,22,0,0
BRDA:10,22,1,0
BRDA:10,23,0,0
BRDA:10,23,1,0
BRDA:10,24,0,0
BRDA:10,24,1,0
BRDA:10,25,0,0
BRDA:10,25,1,0
BRDA:10,26,0,0
BRDA:10,26,1,0
BRDA:10,27,0,0
BRDA:10,27,1,0
BRDA:10,28,0,0
BRDA:10,28,1,0
BRDA:10,29,0,0
BRDA:10,29,1,0
BRDA:10,30,0,0
BRDA:10,30,1,0
BRDA:10,31,0,0
BRDA:10,31,1,0
BRDA:10,32,0,0
BRDA:10,32,1,0
BRDA:10,33,0,0
BRDA:10,33,1,0
BRDA:10,33,2,0
BRDA:10,33,3,0
BRDA:10,33,4,0
BRDA:10,34,0,0
BRDA:10,34,1,0
BRDA:10,35,0,0
BRDA:10,35,1,0
BRDA:10,36,0,0
BRDA:10,36,1,0
BRDA:10,37,0,0
BRDA:10,37,1,0
BRDA:10,38,0,0
BRDA:10,38,1,0
BRDA:10,39,0,0
BRDA:10,39,1,0
BRDA:10,40,0,0
BRDA:10,40,1,0
BRDA:10,41,0,2
BRDA:10,41,1,0
BRDA:10,42,0,2
BRDA:10,42,1,0
BRDA:10,43,0,0
BRDA:10,43,1,0
BRDA:10,44,0,0
BRDA:10,44,1,0
BRDA:10,45,0,0
BRDA:10,45,1,0
BRDA:10,46,0,0
BRDA:10,46,1,0
BRDA:10,47,0,0
BRDA:10,47,1,0
BRDA:10,47,2,0
BRDA:10,48,0,0
BRDA:10,48,1,0
BRDA:10,49,0,8
BRDA:10,49,1,0
BRDA:10,50,0,0
BRDA:10,50,1,0
BRDA:10,51,0,0
BRDA:10,51,1,0
BRDA:10,52,0,0
BRDA:10,52,1,0
BRDA:10,53,0,0
BRDA:10,53,1,0
BRDA:10,54,0,0
BRDA:10,54,1,0
BRDA:10,55,0,0
BRDA:10,55,1,0
BRDA:10,55,2,0
BRDA:10,55,3,0
BRDA:10,56,0,0
BRDA:10,56,1,0
BRDA:10,57,0,0
BRDA:10,57,1,0
BRDA:10,58,0,0
BRDA:10,58,1,0
BRDA:10,59,0,0
BRDA:10,59,1,0
BRDA:10,60,0,0
BRDA:10,60,1,0
BRDA:10,61,0,0
BRDA:10,61,1,0
BRDA:10,62,0,0
BRDA:10,62,1,0
BRDA:10,63,0,0
BRDA:10,63,1,0
BRDA:10,64,0,0
BRDA:10,64,1,0
BRDA:10,65,0,0
BRDA:10,65,1,0
BRDA:10,66,0,0
BRDA:10,66,1,0
BRDA:10,67,0,0
BRDA:10,67,1,0
BRDA:10,68,0,0
BRDA:10,68,1,0
BRDA:10,69,0,0
BRDA:10,69,1,0
BRDA:10,70,0,0
BRDA:10,70,1,0
BRDA:10,70,2,0
BRDA:10,71,0,0
BRDA:10,71,1,0
BRDA:10,71,2,0
BRDA:10,71,3,0
BRDA:10,71,4,0
BRDA:10,71,5,0
BRDA:10,72,0,0
BRDA:10,72,1,0
BRDA:10,73,0,0
BRDA:10,73,1,0
BRDA:10,74,0,0
BRDA:10,74,1,0
BRDA:10,75,0,0
BRDA:10,75,1,0
BRDA:10,76,0,0
BRDA:10,76,1,0
BRDA:10,77,0,0
BRDA:10,77,1,0
BRDA:10,78,0,0
BRDA:10,78,1,0
BRDA:10,78,2,0
BRDA:10,79,0,0
BRDA:10,79,1,0
BRDA:10,80,0,0
BRDA:10,80,1,0
BRDA:10,81,0,0
BRDA:10,81,1,0
BRDA:10,82,0,0
BRDA:10,82,1,0
BRDA:11,83,0,0
BRDA:11,83,1,0
BRDA:17,84,0,0
BRDA:17,84,1,0
BRDA:17,84,2,0
BRDA:17,84,3,0
BRDA:17,84,4,0
BRDA:17,84,5,0
BRDA:59,85,0,0
BRDA:59,85,1,0
BRDA:59,85,2,0
BRDA:93,86,0,0
BRDA:93,86,1,0
BRDA:93,86,2,0
BRDA:93,86,3,0
BRDA:121,87,0,0
BRDA:121,87,1,0
BRDA:121,87,2,0
BRDA:121,87,3,0
BRF:202
BRH:14
end_of_record
TN:
SF:packages/api/controllers/dist/user.controller.js
FN:3,_typeof
FN:3,(anonymous_1)
FN:3,(anonymous_2)
FN:12,_interopRequireDefault
FN:13,_regeneratorRuntime
FN:13,_regeneratorRuntime
FN:13,(anonymous_6)
FN:13,define
FN:13,define
FN:13,wrap
FN:13,tryCatch
FN:13,Generator
FN:13,GeneratorFunction
FN:13,GeneratorFunctionPrototype
FN:13,(anonymous_14)
FN:13,defineIteratorMethods
FN:13,(anonymous_16)
FN:13,(anonymous_17)
FN:13,AsyncIterator
FN:13,invoke
FN:13,(anonymous_20)
FN:13,(anonymous_21)
FN:13,(anonymous_22)
FN:13,(anonymous_23)
FN:13,value
FN:13,callInvokeWithMethodAndArg
FN:13,(anonymous_26)
FN:13,makeInvokeMethod
FN:13,(anonymous_28)
FN:13,maybeInvokeDelegate
FN:13,pushTryEntry
FN:13,resetTryEntry
FN:13,Context
FN:13,values
FN:13,next
FN:13,doneResult
FN:13,(anonymous_36)
FN:13,(anonymous_37)
FN:13,(anonymous_38)
FN:13,(anonymous_39)
FN:13,(anonymous_40)
FN:13,(anonymous_41)
FN:13,(anonymous_42)
FN:13,(anonymous_43)
FN:13,(anonymous_44)
FN:13,next
FN:13,reset
FN:13,stop
FN:13,dispatchException
FN:13,handle
FN:13,abrupt
FN:13,complete
FN:13,finish
FN:13,_catch
FN:13,delegateYield
FN:14,asyncGeneratorStep
FN:15,_asyncToGenerator
FN:15,(anonymous_57)
FN:15,(anonymous_58)
FN:15,_next
FN:15,_throw
FN:16,(anonymous_61)
FN:17,_callee
FN:19,_callee$
FN:47,createNewUser
FN:52,(anonymous_65)
FN:53,_callee4
FN:54,_callee4$
FN:59,(anonymous_68)
FN:60,_callee3
FN:62,_callee3$
FN:75,(anonymous_71)
FN:76,_callee2
FN:78,_callee2$
FN:103,(anonymous_74)
FN:119,(anonymous_75)
FN:129,loginUser
FN:134,(anonymous_77)
FN:135,_callee5
FN:136,_callee5$
FN:139,(anonymous_80)
FN:151,logoutUser
FN:156,(anonymous_82)
FN:157,_callee6
FN:158,_callee6$
FN:166,updateUserProfile
FNF:86
FNH:13
FNDA:0,_typeof
FNDA:0,(anonymous_1)
FNDA:0,(anonymous_2)
FNDA:4,_interopRequireDefault
FNDA:2,_regeneratorRuntime
FNDA:6,_regeneratorRuntime
FNDA:0,(anonymous_6)
FNDA:26,define
FNDA:0,define
FNDA:0,wrap
FNDA:0,tryCatch
FNDA:0,Generator
FNDA:0,GeneratorFunction
FNDA:0,GeneratorFunctionPrototype
FNDA:0,(anonymous_14)
FNDA:4,defineIteratorMethods
FNDA:12,(anonymous_16)
FNDA:0,(anonymous_17)
FNDA:0,AsyncIterator
FNDA:0,invoke
FNDA:0,(anonymous_20)
FNDA:0,(anonymous_21)
FNDA:0,(anonymous_22)
FNDA:0,(anonymous_23)
FNDA:0,value
FNDA:0,callInvokeWithMethodAndArg
FNDA:0,(anonymous_26)
FNDA:0,makeInvokeMethod
FNDA:0,(anonymous_28)
FNDA:0,maybeInvokeDelegate
FNDA:0,pushTryEntry
FNDA:0,resetTryEntry
FNDA:0,Context
FNDA:2,values
FNDA:0,next
FNDA:0,doneResult
FNDA:0,(anonymous_36)
FNDA:8,(anonymous_37)
FNDA:0,(anonymous_38)
FNDA:0,(anonymous_39)
FNDA:0,(anonymous_40)
FNDA:0,(anonymous_41)
FNDA:0,(anonymous_42)
FNDA:0,(anonymous_43)
FNDA:0,(anonymous_44)
FNDA:0,next
FNDA:0,reset
FNDA:0,stop
FNDA:0,dispatchException
FNDA:0,handle
FNDA:0,abrupt
FNDA:0,complete
FNDA:0,finish
FNDA:0,_catch
FNDA:0,delegateYield
FNDA:0,asyncGeneratorStep
FNDA:8,_asyncToGenerator
FNDA:0,(anonymous_57)
FNDA:0,(anonymous_58)
FNDA:0,_next
FNDA:0,_throw
FNDA:2,(anonymous_61)
FNDA:0,_callee
FNDA:0,_callee$
FNDA:0,createNewUser
FNDA:2,(anonymous_65)
FNDA:0,_callee4
FNDA:0,_callee4$
FNDA:0,(anonymous_68)
FNDA:0,_callee3
FNDA:0,_callee3$
FNDA:0,(anonymous_71)
FNDA:0,_callee2
FNDA:0,_callee2$
FNDA:0,(anonymous_74)
FNDA:0,(anonymous_75)
FNDA:0,loginUser
FNDA:2,(anonymous_77)
FNDA:0,_callee5
FNDA:0,_callee5$
FNDA:0,(anonymous_80)
FNDA:0,logoutUser
FNDA:2,(anonymous_82)
FNDA:0,_callee6
FNDA:0,_callee6$
FNDA:0,updateUserProfile
DA:3,0
DA:4,2
DA:7,2
DA:8,2
DA:9,2
DA:10,2
DA:11,2
DA:12,4
DA:13,26
DA:14,0
DA:15,8
DA:16,2
DA:17,2
DA:19,0
DA:20,0
DA:22,0
DA:23,0
DA:24,0
DA:30,0
DA:31,0
DA:32,0
DA:34,0
DA:35,0
DA:36,0
DA:38,0
DA:39,0
DA:40,0
DA:43,0
DA:47,2
DA:48,0
DA:51,2
DA:52,2
DA:53,2
DA:54,0
DA:55,0
DA:57,0
DA:60,0
DA:62,0
DA:63,0
DA:65,0
DA:66,0
DA:67,0
DA:68,0
DA:70,0
DA:71,0
DA:73,0
DA:76,0
DA:78,0
DA:79,0
DA:81,0
DA:82,0
DA:84,0
DA:85,0
DA:86,0
DA:88,0
DA:89,0
DA:94,0
DA:99,0
DA:103,0
DA:104,0
DA:107,0
DA:108,0
DA:110,0
DA:111,0
DA:112,0
DA:115,0
DA:119,0
DA:120,0
DA:125,0
DA:129,2
DA:130,0
DA:133,2
DA:134,2
DA:135,2
DA:136,0
DA:137,0
DA:139,0
DA:140,0
DA:141,0
DA:143,0
DA:147,0
DA:151,2
DA:152,0
DA:155,2
DA:156,2
DA:157,2
DA:158,0
DA:159,0
DA:162,0
DA:166,2
DA:167,0
DA:170,2
LF:92
LH:25
BRDA:3,0,0,0
BRDA:3,0,1,0
BRDA:3,1,0,0
BRDA:3,1,1,0
BRDA:3,2,0,0
BRDA:3,2,1,0
BRDA:3,3,0,0
BRDA:3,3,1,0
BRDA:3,3,2,0
BRDA:3,3,3,0
BRDA:12,4,0,0
BRDA:12,4,1,4
BRDA:12,5,0,4
BRDA:12,5,1,4
BRDA:13,6,0,2
BRDA:13,6,1,0
BRDA:13,7,0,2
BRDA:13,7,1,0
BRDA:13,8,0,2
BRDA:13,8,1,0
BRDA:13,9,0,2
BRDA:13,9,1,0
BRDA:13,10,0,2
BRDA:13,10,1,0
BRDA:13,11,0,0
BRDA:13,11,1,0
BRDA:13,12,0,0
BRDA:13,12,1,0
BRDA:13,13,0,0
BRDA:13,13,1,0
BRDA:13,14,0,2
BRDA:13,14,1,2
BRDA:13,15,0,2
BRDA:13,15,1,2
BRDA:13,15,2,2
BRDA:13,15,3,2
BRDA:13,16,0,0
BRDA:13,16,1,0
BRDA:13,17,0,0
BRDA:13,17,1,0
BRDA:13,18,0,0
BRDA:13,18,1,0
BRDA:13,18,2,0
BRDA:13,19,0,0
BRDA:13,19,1,0
BRDA:13,20,0,0
BRDA:13,20,1,0
BRDA:13,21,0,0
BRDA:13,21,1,0
BRDA:13,22,0,0
BRDA:13,22,1,0
BRDA:13,23,0,0
BRDA:13,23,1,0
BRDA:13,24,0,0
BRDA:13,24,1,0
BRDA:13,25,0,0
BRDA:13,25,1,0
BRDA:13,26,0,0
BRDA:13,26,1,0
BRDA:13,27,0,0
BRDA:13,27,1,0
BRDA:13,28,0,0
BRDA:13,28,1,0
BRDA:13,29,0,0
BRDA:13,29,1,0
BRDA:13,30,0,0
BRDA:13,30,1,0
BRDA:13,31,0,0
BRDA:13,31,1,0
BRDA:13,32,0,0
BRDA:13,32,1,0
BRDA:13,33,0,0
BRDA:13,33,1,0
BRDA:13,34,0,0
BRDA:13,34,1,0
BRDA:13,35,0,0
BRDA:13,35,1,0
BRDA:13,35,2,0
BRDA:13,35,3,0
BRDA:13,35,4,0
BRDA:13,36,0,0
BRDA:13,36,1,0
BRDA:13,37,0,0
BRDA:13,37,1,0
BRDA:13,38,0,0
BRDA:13,38,1,0
BRDA:13,39,0,0
BRDA:13,39,1,0
BRDA:13,40,0,0
BRDA:13,40,1,0
BRDA:13,41,0,0
BRDA:13,41,1,0
BRDA:13,42,0,0
BRDA:13,42,1,0
BRDA:13,43,0,2
BRDA:13,43,1,0
BRDA:13,44,0,2
BRDA:13,44,1,0
BRDA:13,45,0,0
BRDA:13,45,1,0
BRDA:13,46,0,0
BRDA:13,46,1,0
BRDA:13,47,0,0
BRDA:13,47,1,0
BRDA:13,48,0,0
BRDA:13,48,1,0
BRDA:13,49,0,0
BRDA:13,49,1,0
BRDA:13,49,2,0
BRDA:13,50,0,0
BRDA:13,50,1,0
BRDA:13,51,0,8
BRDA:13,51,1,0
BRDA:13,52,0,0
BRDA:13,52,1,0
BRDA:13,53,0,0
BRDA:13,53,1,0
BRDA:13,54,0,0
BRDA:13,54,1,0
BRDA:13,55,0,0
BRDA:13,55,1,0
BRDA:13,56,0,0
BRDA:13,56,1,0
BRDA:13,57,0,0
BRDA:13,57,1,0
BRDA:13,57,2,0
BRDA:13,57,3,0
BRDA:13,58,0,0
BRDA:13,58,1,0
BRDA:13,59,0,0
BRDA:13,59,1,0
BRDA:13,60,0,0
BRDA:13,60,1,0
BRDA:13,61,0,0
BRDA:13,61,1,0
BRDA:13,62,0,0
BRDA:13,62,1,0
BRDA:13,63,0,0
BRDA:13,63,1,0
BRDA:13,64,0,0
BRDA:13,64,1,0
BRDA:13,65,0,0
BRDA:13,65,1,0
BRDA:13,66,0,0
BRDA:13,66,1,0
BRDA:13,67,0,0
BRDA:13,67,1,0
BRDA:13,68,0,0
BRDA:13,68,1,0
BRDA:13,69,0,0
BRDA:13,69,1,0
BRDA:13,70,0,0
BRDA:13,70,1,0
BRDA:13,71,0,0
BRDA:13,71,1,0
BRDA:13,72,0,0
BRDA:13,72,1,0
BRDA:13,72,2,0
BRDA:13,73,0,0
BRDA:13,73,1,0
BRDA:13,73,2,0
BRDA:13,73,3,0
BRDA:13,73,4,0
BRDA:13,73,5,0
BRDA:13,74,0,0
BRDA:13,74,1,0
BRDA:13,75,0,0
BRDA:13,75,1,0
BRDA:13,76,0,0
BRDA:13,76,1,0
BRDA:13,77,0,0
BRDA:13,77,1,0
BRDA:13,78,0,0
BRDA:13,78,1,0
BRDA:13,79,0,0
BRDA:13,79,1,0
BRDA:13,80,0,0
BRDA:13,80,1,0
BRDA:13,80,2,0
BRDA:13,81,0,0
BRDA:13,81,1,0
BRDA:13,82,0,0
BRDA:13,82,1,0
BRDA:13,83,0,0
BRDA:13,83,1,0
BRDA:13,84,0,0
BRDA:13,84,1,0
BRDA:14,85,0,0
BRDA:14,85,1,0
BRDA:20,86,0,0
BRDA:20,86,1,0
BRDA:20,86,2,0
BRDA:20,86,3,0
BRDA:20,86,4,0
BRDA:55,87,0,0
BRDA:55,87,1,0
BRDA:55,87,2,0
BRDA:63,88,0,0
BRDA:63,88,1,0
BRDA:63,88,2,0
BRDA:63,88,3,0
BRDA:63,88,4,0
BRDA:66,89,0,0
BRDA:66,89,1,0
BRDA:66,90,0,0
BRDA:66,90,1,0
BRDA:79,91,0,0
BRDA:79,91,1,0
BRDA:79,91,2,0
BRDA:79,91,3,0
BRDA:81,92,0,0
BRDA:81,92,1,0
BRDA:84,93,0,0
BRDA:84,93,1,0
BRDA:137,94,0,0
BRDA:137,94,1,0
BRDA:137,94,2,0
BRDA:140,95,0,0
BRDA:140,95,1,0
BRDA:159,96,0,0
BRDA:159,96,1,0
BRF:221
BRH:17
end_of_record
TN:
SF:packages/api/models/dist/index.js
FN:7,(anonymous_0)
FN:12,get
FN:18,(anonymous_2)
FN:23,get
FN:29,(anonymous_4)
FN:34,get
FN:40,(anonymous_6)
FN:45,get
FNF:8
FNH:6
FNDA:4,(anonymous_0)
FNDA:1,get
FNDA:4,(anonymous_2)
FNDA:1,get
FNDA:4,(anonymous_4)
FNDA:0,get
FNDA:2,(anonymous_6)
FNDA:0,get
DA:3,2
DA:6,2
DA:7,2
DA:8,4
DA:9,4
DA:10,4
DA:13,1
DA:17,2
DA:18,2
DA:19,4
DA:20,4
DA:21,4
DA:24,1
DA:28,2
DA:29,2
DA:30,4
DA:31,4
DA:32,4
DA:35,0
DA:39,2
DA:40,2
DA:41,2
DA:42,2
DA:43,2
DA:46,0
LF:25
LH:23
BRDA:8,0,0,0
BRDA:8,0,1,4
BRDA:8,1,0,4
BRDA:8,1,1,4
BRDA:9,2,0,0
BRDA:9,2,1,4
BRDA:9,3,0,4
BRDA:9,3,1,0
BRDA:19,4,0,0
BRDA:19,4,1,4
BRDA:19,5,0,4
BRDA:19,5,1,4
BRDA:20,6,0,0
BRDA:20,6,1,4
BRDA:20,7,0,4
BRDA:20,7,1,0
BRDA:30,8,0,0
BRDA:30,8,1,4
BRDA:30,9,0,4
BRDA:30,9,1,4
BRDA:31,10,0,0
BRDA:31,10,1,4
BRDA:31,11,0,4
BRDA:31,11,1,0
BRDA:41,12,0,0
BRDA:41,12,1,2
BRDA:41,13,0,2
BRDA:41,13,1,2
BRDA:42,14,0,0
BRDA:42,14,1,2
BRDA:42,15,0,2
BRDA:42,15,1,0
BRF:32
BRH:20
end_of_record
TN:
SF:packages/api/models/dist/todo-list-item.model.js
FN:3,_typeof
FN:3,(anonymous_1)
FN:3,(anonymous_2)
FN:10,_getRequireWildcardCache
FN:10,_getRequireWildcardCache
FN:11,_interopRequireWildcard
FNF:6
FNH:5
FNDA:2,_typeof
FNDA:2,(anonymous_1)
FNDA:0,(anonymous_2)
FNDA:2,_getRequireWildcardCache
FNDA:2,_getRequireWildcardCache
FNDA:2,_interopRequireWildcard
DA:3,2
DA:4,2
DA:7,2
DA:8,2
DA:9,2
DA:10,2
DA:11,122
DA:14,2
DA:29,2
DA:30,2
DA:31,2
LF:11
LH:11
BRDA:3,0,0,2
BRDA:3,0,1,0
BRDA:3,1,0,2
BRDA:3,1,1,2
BRDA:3,2,0,0
BRDA:3,2,1,0
BRDA:3,3,0,0
BRDA:3,3,1,0
BRDA:3,3,2,0
BRDA:3,3,3,0
BRDA:10,4,0,0
BRDA:10,4,1,2
BRDA:10,5,0,0
BRDA:10,5,1,2
BRDA:11,6,0,0
BRDA:11,6,1,2
BRDA:11,7,0,2
BRDA:11,7,1,2
BRDA:11,7,2,2
BRDA:11,8,0,0
BRDA:11,8,1,2
BRDA:11,9,0,2
BRDA:11,9,1,2
BRDA:11,9,2,0
BRDA:11,10,0,0
BRDA:11,10,1,2
BRDA:11,11,0,2
BRDA:11,11,1,2
BRDA:11,12,0,2
BRDA:11,12,1,2
BRDA:11,13,0,106
BRDA:11,13,1,16
BRDA:11,14,0,122
BRDA:11,14,1,120
BRDA:11,15,0,106
BRDA:11,15,1,0
BRDA:11,16,0,0
BRDA:11,16,1,106
BRDA:11,17,0,106
BRDA:11,17,1,106
BRDA:11,17,2,106
BRDA:11,18,0,2
BRDA:11,18,1,0
BRF:43
BRH:27
end_of_record
TN:
SF:packages/api/models/dist/todo-list.model.js
FN:3,_typeof
FN:3,(anonymous_1)
FN:3,(anonymous_2)
FN:9,_getRequireWildcardCache
FN:9,_getRequireWildcardCache
FN:10,_interopRequireWildcard
FNF:6
FNH:5
FNDA:2,_typeof
FNDA:2,(anonymous_1)
FNDA:0,(anonymous_2)
FNDA:2,_getRequireWildcardCache
FNDA:2,_getRequireWildcardCache
FNDA:2,_interopRequireWildcard
DA:3,2
DA:4,2
DA:7,2
DA:8,2
DA:9,2
DA:10,122
DA:11,2
DA:22,2
DA:23,2
DA:24,2
LF:10
LH:10
BRDA:3,0,0,2
BRDA:3,0,1,0
BRDA:3,1,0,2
BRDA:3,1,1,2
BRDA:3,2,0,0
BRDA:3,2,1,0
BRDA:3,3,0,0
BRDA:3,3,1,0
BRDA:3,3,2,0
BRDA:3,3,3,0
BRDA:9,4,0,0
BRDA:9,4,1,2
BRDA:9,5,0,0
BRDA:9,5,1,2
BRDA:10,6,0,0
BRDA:10,6,1,2
BRDA:10,7,0,2
BRDA:10,7,1,2
BRDA:10,7,2,2
BRDA:10,8,0,0
BRDA:10,8,1,2
BRDA:10,9,0,2
BRDA:10,9,1,2
BRDA:10,9,2,0
BRDA:10,10,0,0
BRDA:10,10,1,2
BRDA:10,11,0,2
BRDA:10,11,1,2
BRDA:10,12,0,2
BRDA:10,12,1,2
BRDA:10,13,0,106
BRDA:10,13,1,16
BRDA:10,14,0,122
BRDA:10,14,1,120
BRDA:10,15,0,106
BRDA:10,15,1,0
BRDA:10,16,0,0
BRDA:10,16,1,106
BRDA:10,17,0,106
BRDA:10,17,1,106
BRDA:10,17,2,106
BRDA:10,18,0,2
BRDA:10,18,1,0
BRF:43
BRH:27
end_of_record
TN:
SF:packages/api/models/dist/todo-lists.model.js
FN:3,_typeof
FN:3,(anonymous_1)
FN:3,(anonymous_2)
FN:9,_getRequireWildcardCache
FN:9,_getRequireWildcardCache
FN:10,_interopRequireWildcard
FNF:6
FNH:5
FNDA:2,_typeof
FNDA:2,(anonymous_1)
FNDA:0,(anonymous_2)
FNDA:2,_getRequireWildcardCache
FNDA:2,_getRequireWildcardCache
FNDA:2,_interopRequireWildcard
DA:3,2
DA:4,2
DA:7,2
DA:8,2
DA:9,2
DA:10,122
DA:11,2
DA:21,2
DA:22,2
DA:23,2
LF:10
LH:10
BRDA:3,0,0,2
BRDA:3,0,1,0
BRDA:3,1,0,2
BRDA:3,1,1,2
BRDA:3,2,0,0
BRDA:3,2,1,0
BRDA:3,3,0,0
BRDA:3,3,1,0
BRDA:3,3,2,0
BRDA:3,3,3,0
BRDA:9,4,0,0
BRDA:9,4,1,2
BRDA:9,5,0,0
BRDA:9,5,1,2
BRDA:10,6,0,0
BRDA:10,6,1,2
BRDA:10,7,0,2
BRDA:10,7,1,2
BRDA:10,7,2,2
BRDA:10,8,0,0
BRDA:10,8,1,2
BRDA:10,9,0,2
BRDA:10,9,1,2
BRDA:10,9,2,0
BRDA:10,10,0,0
BRDA:10,10,1,2
BRDA:10,11,0,2
BRDA:10,11,1,2
BRDA:10,12,0,2
BRDA:10,12,1,2
BRDA:10,13,0,106
BRDA:10,13,1,16
BRDA:10,14,0,122
BRDA:10,14,1,120
BRDA:10,15,0,106
BRDA:10,15,1,0
BRDA:10,16,0,0
BRDA:10,16,1,106
BRDA:10,17,0,106
BRDA:10,17,1,106
BRDA:10,17,2,106
BRDA:10,18,0,2
BRDA:10,18,1,0
BRF:43
BRH:27
end_of_record
TN:
SF:packages/api/models/dist/user.model.js
FN:3,_typeof
FN:3,(anonymous_1)
FN:3,(anonymous_2)
FN:10,_interopRequireDefault
FN:11,_getRequireWildcardCache
FN:11,_getRequireWildcardCache
FN:12,_interopRequireWildcard
FN:13,_regeneratorRuntime
FN:13,_regeneratorRuntime
FN:13,(anonymous_9)
FN:13,define
FN:13,define
FN:13,wrap
FN:13,tryCatch
FN:13,Generator
FN:13,GeneratorFunction
FN:13,GeneratorFunctionPrototype
FN:13,(anonymous_17)
FN:13,defineIteratorMethods
FN:13,(anonymous_19)
FN:13,(anonymous_20)
FN:13,AsyncIterator
FN:13,invoke
FN:13,(anonymous_23)
FN:13,(anonymous_24)
FN:13,(anonymous_25)
FN:13,(anonymous_26)
FN:13,value
FN:13,callInvokeWithMethodAndArg
FN:13,(anonymous_29)
FN:13,makeInvokeMethod
FN:13,(anonymous_31)
FN:13,maybeInvokeDelegate
FN:13,pushTryEntry
FN:13,resetTryEntry
FN:13,Context
FN:13,values
FN:13,next
FN:13,doneResult
FN:13,(anonymous_39)
FN:13,(anonymous_40)
FN:13,(anonymous_41)
FN:13,(anonymous_42)
FN:13,(anonymous_43)
FN:13,(anonymous_44)
FN:13,(anonymous_45)
FN:13,(anonymous_46)
FN:13,(anonymous_47)
FN:13,next
FN:13,reset
FN:13,stop
FN:13,dispatchException
FN:13,handle
FN:13,abrupt
FN:13,complete
FN:13,finish
FN:13,_catch
FN:13,delegateYield
FN:14,asyncGeneratorStep
FN:15,_asyncToGenerator
FN:15,(anonymous_60)
FN:15,(anonymous_61)
FN:15,_next
FN:15,_throw
FN:46,(anonymous_64)
FN:47,_callee
FN:48,_callee$
FN:60,(anonymous_67)
FN:64,(anonymous_68)
FN:65,_callee2
FN:67,_callee2$
FN:78,(anonymous_71)
FNF:72
FNH:16
FNDA:2,_typeof
FNDA:2,(anonymous_1)
FNDA:0,(anonymous_2)
FNDA:2,_interopRequireDefault
FNDA:2,_getRequireWildcardCache
FNDA:2,_getRequireWildcardCache
FNDA:2,_interopRequireWildcard
FNDA:2,_regeneratorRuntime
FNDA:2,_regeneratorRuntime
FNDA:0,(anonymous_9)
FNDA:26,define
FNDA:0,define
FNDA:0,wrap
FNDA:0,tryCatch
FNDA:0,Generator
FNDA:0,GeneratorFunction
FNDA:0,GeneratorFunctionPrototype
FNDA:0,(anonymous_17)
FNDA:4,defineIteratorMethods
FNDA:12,(anonymous_19)
FNDA:0,(anonymous_20)
FNDA:0,AsyncIterator
FNDA:0,invoke
FNDA:0,(anonymous_23)
FNDA:0,(anonymous_24)
FNDA:0,(anonymous_25)
FNDA:0,(anonymous_26)
FNDA:0,value
FNDA:0,callInvokeWithMethodAndArg
FNDA:0,(anonymous_29)
FNDA:0,makeInvokeMethod
FNDA:0,(anonymous_31)
FNDA:0,maybeInvokeDelegate
FNDA:0,pushTryEntry
FNDA:0,resetTryEntry
FNDA:0,Context
FNDA:2,values
FNDA:0,next
FNDA:0,doneResult
FNDA:0,(anonymous_39)
FNDA:4,(anonymous_40)
FNDA:0,(anonymous_41)
FNDA:0,(anonymous_42)
FNDA:0,(anonymous_43)
FNDA:0,(anonymous_44)
FNDA:0,(anonymous_45)
FNDA:0,(anonymous_46)
FNDA:0,(anonymous_47)
FNDA:0,next
FNDA:0,reset
FNDA:0,stop
FNDA:0,dispatchException
FNDA:0,handle
FNDA:0,abrupt
FNDA:0,complete
FNDA:0,finish
FNDA:0,_catch
FNDA:0,delegateYield
FNDA:0,asyncGeneratorStep
FNDA:4,_asyncToGenerator
FNDA:0,(anonymous_60)
FNDA:0,(anonymous_61)
FNDA:0,_next
FNDA:0,_throw
FNDA:2,(anonymous_64)
FNDA:0,_callee
FNDA:0,_callee$
FNDA:0,(anonymous_67)
FNDA:2,(anonymous_68)
FNDA:0,_callee2
FNDA:0,_callee2$
FNDA:0,(anonymous_71)
DA:3,2
DA:4,2
DA:7,2
DA:8,2
DA:9,2
DA:10,2
DA:11,2
DA:12,122
DA:13,26
DA:14,0
DA:15,4
DA:18,2
DA:46,2
DA:47,2
DA:48,0
DA:49,0
DA:51,0
DA:52,0
DA:53,0
DA:56,0
DA:60,2
DA:61,0
DA:64,2
DA:65,2
DA:67,0
DA:68,0
DA:70,0
DA:71,0
DA:74,0
DA:78,2
DA:79,0
DA:82,2
DA:83,2
LF:33
LH:19
BRDA:3,0,0,2
BRDA:3,0,1,0
BRDA:3,1,0,2
BRDA:3,1,1,2
BRDA:3,2,0,0
BRDA:3,2,1,0
BRDA:3,3,0,0
BRDA:3,3,1,0
BRDA:3,3,2,0
BRDA:3,3,3,0
BRDA:10,4,0,0
BRDA:10,4,1,2
BRDA:10,5,0,2
BRDA:10,5,1,2
BRDA:11,6,0,0
BRDA:11,6,1,2
BRDA:11,7,0,0
BRDA:11,7,1,2
BRDA:12,8,0,0
BRDA:12,8,1,2
BRDA:12,9,0,2
BRDA:12,9,1,2
BRDA:12,9,2,2
BRDA:12,10,0,0
BRDA:12,10,1,2
BRDA:12,11,0,2
BRDA:12,11,1,2
BRDA:12,11,2,0
BRDA:12,12,0,0
BRDA:12,12,1,2
BRDA:12,13,0,2
BRDA:12,13,1,2
BRDA:12,14,0,2
BRDA:12,14,1,2
BRDA:12,15,0,106
BRDA:12,15,1,16
BRDA:12,16,0,122
BRDA:12,16,1,120
BRDA:12,17,0,106
BRDA:12,17,1,0
BRDA:12,18,0,0
BRDA:12,18,1,106
BRDA:12,19,0,106
BRDA:12,19,1,106
BRDA:12,19,2,106
BRDA:12,20,0,2
BRDA:12,20,1,0
BRDA:13,21,0,2
BRDA:13,21,1,0
BRDA:13,22,0,2
BRDA:13,22,1,0
BRDA:13,23,0,2
BRDA:13,23,1,0
BRDA:13,24,0,2
BRDA:13,24,1,0
BRDA:13,25,0,2
BRDA:13,25,1,0
BRDA:13,26,0,0
BRDA:13,26,1,0
BRDA:13,27,0,0
BRDA:13,27,1,0
BRDA:13,28,0,0
BRDA:13,28,1,0
BRDA:13,29,0,2
BRDA:13,29,1,2
BRDA:13,30,0,2
BRDA:13,30,1,2
BRDA:13,30,2,2
BRDA:13,30,3,2
BRDA:13,31,0,0
BRDA:13,31,1,0
BRDA:13,32,0,0
BRDA:13,32,1,0
BRDA:13,33,0,0
BRDA:13,33,1,0
BRDA:13,33,2,0
BRDA:13,34,0,0
BRDA:13,34,1,0
BRDA:13,35,0,0
BRDA:13,35,1,0
BRDA:13,36,0,0
BRDA:13,36,1,0
BRDA:13,37,0,0
BRDA:13,37,1,0
BRDA:13,38,0,0
BRDA:13,38,1,0
BRDA:13,39,0,0
BRDA:13,39,1,0
BRDA:13,40,0,0
BRDA:13,40,1,0
BRDA:13,41,0,0
BRDA:13,41,1,0
BRDA:13,42,0,0
BRDA:13,42,1,0
BRDA:13,43,0,0
BRDA:13,43,1,0
BRDA:13,44,0,0
BRDA:13,44,1,0
BRDA:13,45,0,0
BRDA:13,45,1,0
BRDA:13,46,0,0
BRDA:13,46,1,0
BRDA:13,47,0,0
BRDA:13,47,1,0
BRDA:13,48,0,0
BRDA:13,48,1,0
BRDA:13,49,0,0
BRDA:13,49,1,0
BRDA:13,50,0,0
BRDA:13,50,1,0
BRDA:13,50,2,0
BRDA:13,50,3,0
BRDA:13,50,4,0
BRDA:13,51,0,0
BRDA:13,51,1,0
BRDA:13,52,0,0
BRDA:13,52,1,0
BRDA:13,53,0,0
BRDA:13,53,1,0
BRDA:13,54,0,0
BRDA:13,54,1,0
BRDA:13,55,0,0
BRDA:13,55,1,0
BRDA:13,56,0,0
BRDA:13,56,1,0
BRDA:13,57,0,0
BRDA:13,57,1,0
BRDA:13,58,0,2
BRDA:13,58,1,0
BRDA:13,59,0,2
BRDA:13,59,1,0
BRDA:13,60,0,0
BRDA:13,60,1,0
BRDA:13,61,0,0
BRDA:13,61,1,0
BRDA:13,62,0,0
BRDA:13,62,1,0
BRDA:13,63,0,0
BRDA:13,63,1,0
BRDA:13,64,0,0
BRDA:13,64,1,0
BRDA:13,64,2,0
BRDA:13,65,0,0
BRDA:13,65,1,0
BRDA:13,66,0,4
BRDA:13,66,1,0
BRDA:13,67,0,0
BRDA:13,67,1,0
BRDA:13,68,0,0
BRDA:13,68,1,0
BRDA:13,69,0,0
BRDA:13,69,1,0
BRDA:13,70,0,0
BRDA:13,70,1,0
BRDA:13,71,0,0
BRDA:13,71,1,0
BRDA:13,72,0,0
BRDA:13,72,1,0
BRDA:13,72,2,0
BRDA:13,72,3,0
BRDA:13,73,0,0
BRDA:13,73,1,0
BRDA:13,74,0,0
BRDA:13,74,1,0
BRDA:13,75,0,0
BRDA:13,75,1,0
BRDA:13,76,0,0
BRDA:13,76,1,0
BRDA:13,77,0,0
BRDA:13,77,1,0
BRDA:13,78,0,0
BRDA:13,78,1,0
BRDA:13,79,0,0
BRDA:13,79,1,0
BRDA:13,80,0,0
BRDA:13,80,1,0
BRDA:13,81,0,0
BRDA:13,81,1,0
BRDA:13,82,0,0
BRDA:13,82,1,0
BRDA:13,83,0,0
BRDA:13,83,1,0
BRDA:13,84,0,0
BRDA:13,84,1,0
BRDA:13,85,0,0
BRDA:13,85,1,0
BRDA:13,86,0,0
BRDA:13,86,1,0
BRDA:13,87,0,0
BRDA:13,87,1,0
BRDA:13,87,2,0
BRDA:13,88,0,0
BRDA:13,88,1,0
BRDA:13,88,2,0
BRDA:13,88,3,0
BRDA:13,88,4,0
BRDA:13,88,5,0
BRDA:13,89,0,0
BRDA:13,89,1,0
BRDA:13,90,0,0
BRDA:13,90,1,0
BRDA:13,91,0,0
BRDA:13,91,1,0
BRDA:13,92,0,0
BRDA:13,92,1,0
BRDA:13,93,0,0
BRDA:13,93,1,0
BRDA:13,94,0,0
BRDA:13,94,1,0
BRDA:13,95,0,0
BRDA:13,95,1,0
BRDA:13,95,2,0
BRDA:13,96,0,0
BRDA:13,96,1,0
BRDA:13,97,0,0
BRDA:13,97,1,0
BRDA:13,98,0,0
BRDA:13,98,1,0
BRDA:13,99,0,0
BRDA:13,99,1,0
BRDA:14,100,0,0
BRDA:14,100,1,0
BRDA:49,101,0,0
BRDA:49,101,1,0
BRDA:49,101,2,0
BRDA:68,102,0,0
BRDA:68,102,1,0
BRDA:68,102,2,0
BRF:228
BRH:44
end_of_record
TN:
SF:packages/api/routes/dist/index.js
FNF:0
FNH:0
DA:3,2
DA:6,2
DA:7,2
DA:8,2
DA:9,2
DA:10,2
DA:11,2
DA:12,2
DA:13,2
DA:14,2
DA:15,2
LF:11
LH:11
BRF:0
BRH:0
end_of_record
TN:
SF:packages/api/routes/dist/todo-list-item.route.js
FNF:0
FNH:0
DA:3,2
DA:6,2
DA:7,2
DA:8,2
DA:9,2
DA:10,2
DA:11,2
DA:12,2
DA:13,2
DA:14,2
LF:10
LH:10
BRF:0
BRH:0
end_of_record
TN:
SF:packages/api/routes/dist/todo-list.route.js
FNF:0
FNH:0
DA:3,2
DA:6,2
DA:7,2
DA:8,2
DA:9,2
DA:10,2
DA:11,2
DA:12,2
DA:13,2
DA:14,2
LF:10
LH:10
BRF:0
BRH:0
end_of_record
TN:
SF:packages/api/routes/dist/user.route.js
FN:10,_interopRequireDefault
FNF:1
FNH:1
FNDA:2,_interopRequireDefault
DA:3,2
DA:6,2
DA:7,2
DA:8,2
DA:9,2
DA:10,2
DA:11,2
DA:12,2
DA:13,2
DA:16,2
DA:17,2
DA:18,2
LF:12
LH:12
BRDA:10,0,0,0
BRDA:10,0,1,2
BRDA:10,1,0,2
BRDA:10,1,1,2
BRF:4
BRH:3
end_of_record
TN:
SF:packages/api/server/dist/databaseConn.js
FN:3,_typeof
FN:3,(anonymous_1)
FN:3,(anonymous_2)
FN:9,_interopRequireDefault
FN:10,_regeneratorRuntime
FN:10,_regeneratorRuntime
FN:10,(anonymous_6)
FN:10,define
FN:10,define
FN:10,wrap
FN:10,tryCatch
FN:10,Generator
FN:10,GeneratorFunction
FN:10,GeneratorFunctionPrototype
FN:10,(anonymous_14)
FN:10,defineIteratorMethods
FN:10,(anonymous_16)
FN:10,(anonymous_17)
FN:10,AsyncIterator
FN:10,invoke
FN:10,(anonymous_20)
FN:10,(anonymous_21)
FN:10,(anonymous_22)
FN:10,(anonymous_23)
FN:10,value
FN:10,callInvokeWithMethodAndArg
FN:10,(anonymous_26)
FN:10,makeInvokeMethod
FN:10,(anonymous_28)
FN:10,maybeInvokeDelegate
FN:10,pushTryEntry
FN:10,resetTryEntry
FN:10,Context
FN:10,values
FN:10,next
FN:10,doneResult
FN:10,(anonymous_36)
FN:10,(anonymous_37)
FN:10,(anonymous_38)
FN:10,(anonymous_39)
FN:10,(anonymous_40)
FN:10,(anonymous_41)
FN:10,(anonymous_42)
FN:10,(anonymous_43)
FN:10,(anonymous_44)
FN:10,next
FN:10,reset
FN:10,stop
FN:10,dispatchException
FN:10,handle
FN:10,abrupt
FN:10,complete
FN:10,finish
FN:10,_catch
FN:10,delegateYield
FN:11,asyncGeneratorStep
FN:12,_asyncToGenerator
FN:12,(anonymous_57)
FN:12,(anonymous_58)
FN:12,_next
FN:12,_throw
FN:16,(anonymous_61)
FN:17,_callee
FN:18,_callee$
FN:38,dbConn
FNF:65
FNH:9
FNDA:0,_typeof
FNDA:0,(anonymous_1)
FNDA:0,(anonymous_2)
FNDA:2,_interopRequireDefault
FNDA:2,_regeneratorRuntime
FNDA:0,_regeneratorRuntime
FNDA:0,(anonymous_6)
FNDA:26,define
FNDA:0,define
FNDA:0,wrap
FNDA:0,tryCatch
FNDA:0,Generator
FNDA:0,GeneratorFunction
FNDA:0,GeneratorFunctionPrototype
FNDA:0,(anonymous_14)
FNDA:4,defineIteratorMethods
FNDA:12,(anonymous_16)
FNDA:0,(anonymous_17)
FNDA:0,AsyncIterator
FNDA:0,invoke
FNDA:0,(anonymous_20)
FNDA:0,(anonymous_21)
FNDA:0,(anonymous_22)
FNDA:0,(anonymous_23)
FNDA:0,value
FNDA:0,callInvokeWithMethodAndArg
FNDA:0,(anonymous_26)
FNDA:0,makeInvokeMethod
FNDA:0,(anonymous_28)
FNDA:0,maybeInvokeDelegate
FNDA:0,pushTryEntry
FNDA:0,resetTryEntry
FNDA:0,Context
FNDA:2,values
FNDA:0,next
FNDA:0,doneResult
FNDA:0,(anonymous_36)
FNDA:2,(anonymous_37)
FNDA:0,(anonymous_38)
FNDA:0,(anonymous_39)
FNDA:0,(anonymous_40)
FNDA:0,(anonymous_41)
FNDA:0,(anonymous_42)
FNDA:0,(anonymous_43)
FNDA:0,(anonymous_44)
FNDA:0,next
FNDA:0,reset
FNDA:0,stop
FNDA:0,dispatchException
FNDA:0,handle
FNDA:0,abrupt
FNDA:0,complete
FNDA:0,finish
FNDA:0,_catch
FNDA:0,delegateYield
FNDA:0,asyncGeneratorStep
FNDA:2,_asyncToGenerator
FNDA:0,(anonymous_57)
FNDA:0,(anonymous_58)
FNDA:0,_next
FNDA:0,_throw
FNDA:2,(anonymous_61)
FNDA:0,_callee
FNDA:0,_callee$
FNDA:0,dbConn
DA:3,0
DA:4,2
DA:7,2
DA:8,2
DA:9,2
DA:10,26
DA:11,0
DA:12,2
DA:15,2
DA:16,2
DA:17,2
DA:18,0
DA:19,0
DA:21,0
DA:22,0
DA:23,0
DA:25,0
DA:26,0
DA:27,0
DA:29,0
DA:30,0
DA:31,0
DA:34,0
DA:38,2
DA:39,0
DA:42,2
LF:26
LH:11
BRDA:3,0,0,0
BRDA:3,0,1,0
BRDA:3,1,0,0
BRDA:3,1,1,0
BRDA:3,2,0,0
BRDA:3,2,1,0
BRDA:3,3,0,0
BRDA:3,3,1,0
BRDA:3,3,2,0
BRDA:3,3,3,0
BRDA:9,4,0,0
BRDA:9,4,1,2
BRDA:9,5,0,2
BRDA:9,5,1,2
BRDA:10,6,0,2
BRDA:10,6,1,0
BRDA:10,7,0,2
BRDA:10,7,1,0
BRDA:10,8,0,2
BRDA:10,8,1,0
BRDA:10,9,0,2
BRDA:10,9,1,0
BRDA:10,10,0,2
BRDA:10,10,1,0
BRDA:10,11,0,0
BRDA:10,11,1,0
BRDA:10,12,0,0
BRDA:10,12,1,0
BRDA:10,13,0,0
BRDA:10,13,1,0
BRDA:10,14,0,2
BRDA:10,14,1,2
BRDA:10,15,0,2
BRDA:10,15,1,2
BRDA:10,15,2,2
BRDA:10,15,3,2
BRDA:10,16,0,0
BRDA:10,16,1,0
BRDA:10,17,0,0
BRDA:10,17,1,0
BRDA:10,18,0,0
BRDA:10,18,1,0
BRDA:10,18,2,0
BRDA:10,19,0,0
BRDA:10,19,1,0
BRDA:10,20,0,0
BRDA:10,20,1,0
BRDA:10,21,0,0
BRDA:10,21,1,0
BRDA:10,22,0,0
BRDA:10,22,1,0
BRDA:10,23,0,0
BRDA:10,23,1,0
BRDA:10,24,0,0
BRDA:10,24,1,0
BRDA:10,25,0,0
BRDA:10,25,1,0
BRDA:10,26,0,0
BRDA:10,26,1,0
BRDA:10,27,0,0
BRDA:10,27,1,0
BRDA:10,28,0,0
BRDA:10,28,1,0
BRDA:10,29,0,0
BRDA:10,29,1,0
BRDA:10,30,0,0
BRDA:10,30,1,0
BRDA:10,31,0,0
BRDA:10,31,1,0
BRDA:10,32,0,0
BRDA:10,32,1,0
BRDA:10,33,0,0
BRDA:10,33,1,0
BRDA:10,34,0,0
BRDA:10,34,1,0
BRDA:10,35,0,0
BRDA:10,35,1,0
BRDA:10,35,2,0
BRDA:10,35,3,0
BRDA:10,35,4,0
BRDA:10,36,0,0
BRDA:10,36,1,0
BRDA:10,37,0,0
BRDA:10,37,1,0
BRDA:10,38,0,0
BRDA:10,38,1,0
BRDA:10,39,0,0
BRDA:10,39,1,0
BRDA:10,40,0,0
BRDA:10,40,1,0
BRDA:10,41,0,0
BRDA:10,41,1,0
BRDA:10,42,0,0
BRDA:10,42,1,0
BRDA:10,43,0,2
BRDA:10,43,1,0
BRDA:10,44,0,2
BRDA:10,44,1,0
BRDA:10,45,0,0
BRDA:10,45,1,0
BRDA:10,46,0,0
BRDA:10,46,1,0
BRDA:10,47,0,0
BRDA:10,47,1,0
BRDA:10,48,0,0
BRDA:10,48,1,0
BRDA:10,49,0,0
BRDA:10,49,1,0
BRDA:10,49,2,0
BRDA:10,50,0,0
BRDA:10,50,1,0
BRDA:10,51,0,2
BRDA:10,51,1,0
BRDA:10,52,0,0
BRDA:10,52,1,0
BRDA:10,53,0,0
BRDA:10,53,1,0
BRDA:10,54,0,0
BRDA:10,54,1,0
BRDA:10,55,0,0
BRDA:10,55,1,0
BRDA:10,56,0,0
BRDA:10,56,1,0
BRDA:10,57,0,0
BRDA:10,57,1,0
BRDA:10,57,2,0
BRDA:10,57,3,0
BRDA:10,58,0,0
BRDA:10,58,1,0
BRDA:10,59,0,0
BRDA:10,59,1,0
BRDA:10,60,0,0
BRDA:10,60,1,0
BRDA:10,61,0,0
BRDA:10,61,1,0
BRDA:10,62,0,0
BRDA:10,62,1,0
BRDA:10,63,0,0
BRDA:10,63,1,0
BRDA:10,64,0,0
BRDA:10,64,1,0
BRDA:10,65,0,0
BRDA:10,65,1,0
BRDA:10,66,0,0
BRDA:10,66,1,0
BRDA:10,67,0,0
BRDA:10,67,1,0
BRDA:10,68,0,0
BRDA:10,68,1,0
BRDA:10,69,0,0
BRDA:10,69,1,0
BRDA:10,70,0,0
BRDA:10,70,1,0
BRDA:10,71,0,0
BRDA:10,71,1,0
BRDA:10,72,0,0
BRDA:10,72,1,0
BRDA:10,72,2,0
BRDA:10,73,0,0
BRDA:10,73,1,0
BRDA:10,73,2,0
BRDA:10,73,3,0
BRDA:10,73,4,0
BRDA:10,73,5,0
BRDA:10,74,0,0
BRDA:10,74,1,0
BRDA:10,75,0,0
BRDA:10,75,1,0
BRDA:10,76,0,0
BRDA:10,76,1,0
BRDA:10,77,0,0
BRDA:10,77,1,0
BRDA:10,78,0,0
BRDA:10,78,1,0
BRDA:10,79,0,0
BRDA:10,79,1,0
BRDA:10,80,0,0
BRDA:10,80,1,0
BRDA:10,80,2,0
BRDA:10,81,0,0
BRDA:10,81,1,0
BRDA:10,82,0,0
BRDA:10,82,1,0
BRDA:10,83,0,0
BRDA:10,83,1,0
BRDA:10,84,0,0
BRDA:10,84,1,0
BRDA:11,85,0,0
BRDA:11,85,1,0
BRDA:19,86,0,0
BRDA:19,86,1,0
BRDA:19,86,2,0
BRDA:19,86,3,0
BRDA:19,86,4,0
BRF:194
BRH:17
end_of_record
TN:
SF:packages/api/server/dist/index.js
FN:3,_typeof
FN:3,(anonymous_1)
FN:3,(anonymous_2)
FN:12,_interopRequireDefault
FN:13,_regeneratorRuntime
FN:13,_regeneratorRuntime
FN:13,(anonymous_6)
FN:13,define
FN:13,define
FN:13,wrap
FN:13,tryCatch
FN:13,Generator
FN:13,GeneratorFunction
FN:13,GeneratorFunctionPrototype
FN:13,(anonymous_14)
FN:13,defineIteratorMethods
FN:13,(anonymous_16)
FN:13,(anonymous_17)
FN:13,AsyncIterator
FN:13,invoke
FN:13,(anonymous_20)
FN:13,(anonymous_21)
FN:13,(anonymous_22)
FN:13,(anonymous_23)
FN:13,value
FN:13,callInvokeWithMethodAndArg
FN:13,(anonymous_26)
FN:13,makeInvokeMethod
FN:13,(anonymous_28)
FN:13,maybeInvokeDelegate
FN:13,pushTryEntry
FN:13,resetTryEntry
FN:13,Context
FN:13,values
FN:13,next
FN:13,doneResult
FN:13,(anonymous_36)
FN:13,(anonymous_37)
FN:13,(anonymous_38)
FN:13,(anonymous_39)
FN:13,(anonymous_40)
FN:13,(anonymous_41)
FN:13,(anonymous_42)
FN:13,(anonymous_43)
FN:13,(anonymous_44)
FN:13,next
FN:13,reset
FN:13,stop
FN:13,dispatchException
FN:13,handle
FN:13,abrupt
FN:13,complete
FN:13,finish
FN:13,_catch
FN:13,delegateYield
FN:14,asyncGeneratorStep
FN:15,_asyncToGenerator
FN:15,(anonymous_57)
FN:15,(anonymous_58)
FN:15,_next
FN:15,_throw
FN:30,_callee
FN:31,_callee$
FNF:63
FNH:1
FNDA:0,_typeof
FNDA:0,(anonymous_1)
FNDA:0,(anonymous_2)
FNDA:4,_interopRequireDefault
FNDA:0,_regeneratorRuntime
FNDA:0,_regeneratorRuntime
FNDA:0,(anonymous_6)
FNDA:0,define
FNDA:0,define
FNDA:0,wrap
FNDA:0,tryCatch
FNDA:0,Generator
FNDA:0,GeneratorFunction
FNDA:0,GeneratorFunctionPrototype
FNDA:0,(anonymous_14)
FNDA:0,defineIteratorMethods
FNDA:0,(anonymous_16)
FNDA:0,(anonymous_17)
FNDA:0,AsyncIterator
FNDA:0,invoke
FNDA:0,(anonymous_20)
FNDA:0,(anonymous_21)
FNDA:0,(anonymous_22)
FNDA:0,(anonymous_23)
FNDA:0,value
FNDA:0,callInvokeWithMethodAndArg
FNDA:0,(anonymous_26)
FNDA:0,makeInvokeMethod
FNDA:0,(anonymous_28)
FNDA:0,maybeInvokeDelegate
FNDA:0,pushTryEntry
FNDA:0,resetTryEntry
FNDA:0,Context
FNDA:0,values
FNDA:0,next
FNDA:0,doneResult
FNDA:0,(anonymous_36)
FNDA:0,(anonymous_37)
FNDA:0,(anonymous_38)
FNDA:0,(anonymous_39)
FNDA:0,(anonymous_40)
FNDA:0,(anonymous_41)
FNDA:0,(anonymous_42)
FNDA:0,(anonymous_43)
FNDA:0,(anonymous_44)
FNDA:0,next
FNDA:0,reset
FNDA:0,stop
FNDA:0,dispatchException
FNDA:0,handle
FNDA:0,abrupt
FNDA:0,complete
FNDA:0,finish
FNDA:0,_catch
FNDA:0,delegateYield
FNDA:0,asyncGeneratorStep
FNDA:0,_asyncToGenerator
FNDA:0,(anonymous_57)
FNDA:0,(anonymous_58)
FNDA:0,_next
FNDA:0,_throw
FNDA:0,_callee
FNDA:0,_callee$
DA:3,0
DA:4,2
DA:7,2
DA:8,2
DA:9,2
DA:10,2
DA:11,2
DA:12,4
DA:13,0
DA:14,0
DA:15,0
DA:16,2
DA:17,2
DA:22,2
DA:23,2
DA:24,2
DA:27,2
DA:28,2
DA:29,2
DA:30,0
DA:31,0
DA:32,0
DA:34,0
DA:35,0
DA:37,0
DA:40,0
LF:26
LH:15
BRDA:3,0,0,0
BRDA:3,0,1,0
BRDA:3,1,0,0
BRDA:3,1,1,0
BRDA:3,2,0,0
BRDA:3,2,1,0
BRDA:3,3,0,0
BRDA:3,3,1,0
BRDA:3,3,2,0
BRDA:3,3,3,0
BRDA:12,4,0,0
BRDA:12,4,1,4
BRDA:12,5,0,4
BRDA:12,5,1,4
BRDA:13,6,0,0
BRDA:13,6,1,0
BRDA:13,7,0,0
BRDA:13,7,1,0
BRDA:13,8,0,0
BRDA:13,8,1,0
BRDA:13,9,0,0
BRDA:13,9,1,0
BRDA:13,10,0,0
BRDA:13,10,1,0
BRDA:13,11,0,0
BRDA:13,11,1,0
BRDA:13,12,0,0
BRDA:13,12,1,0
BRDA:13,13,0,0
BRDA:13,13,1,0
BRDA:13,14,0,0
BRDA:13,14,1,0
BRDA:13,15,0,0
BRDA:13,15,1,0
BRDA:13,15,2,0
BRDA:13,15,3,0
BRDA:13,16,0,0
BRDA:13,16,1,0
BRDA:13,17,0,0
BRDA:13,17,1,0
BRDA:13,18,0,0
BRDA:13,18,1,0
BRDA:13,18,2,0
BRDA:13,19,0,0
BRDA:13,19,1,0
BRDA:13,20,0,0
BRDA:13,20,1,0
BRDA:13,21,0,0
BRDA:13,21,1,0
BRDA:13,22,0,0
BRDA:13,22,1,0
BRDA:13,23,0,0
BRDA:13,23,1,0
BRDA:13,24,0,0
BRDA:13,24,1,0
BRDA:13,25,0,0
BRDA:13,25,1,0
BRDA:13,26,0,0
BRDA:13,26,1,0
BRDA:13,27,0,0
BRDA:13,27,1,0
BRDA:13,28,0,0
BRDA:13,28,1,0
BRDA:13,29,0,0
BRDA:13,29,1,0
BRDA:13,30,0,0
BRDA:13,30,1,0
BRDA:13,31,0,0
BRDA:13,31,1,0
BRDA:13,32,0,0
BRDA:13,32,1,0
BRDA:13,33,0,0
BRDA:13,33,1,0
BRDA:13,34,0,0
BRDA:13,34,1,0
BRDA:13,35,0,0
BRDA:13,35,1,0
BRDA:13,35,2,0
BRDA:13,35,3,0
BRDA:13,35,4,0
BRDA:13,36,0,0
BRDA:13,36,1,0
BRDA:13,37,0,0
BRDA:13,37,1,0
BRDA:13,38,0,0
BRDA:13,38,1,0
BRDA:13,39,0,0
BRDA:13,39,1,0
BRDA:13,40,0,0
BRDA:13,40,1,0
BRDA:13,41,0,0
BRDA:13,41,1,0
BRDA:13,42,0,0
BRDA:13,42,1,0
BRDA:13,43,0,0
BRDA:13,43,1,0
BRDA:13,44,0,0
BRDA:13,44,1,0
BRDA:13,45,0,0
BRDA:13,45,1,0
BRDA:13,46,0,0
BRDA:13,46,1,0
BRDA:13,47,0,0
BRDA:13,47,1,0
BRDA:13,48,0,0
BRDA:13,48,1,0
BRDA:13,49,0,0
BRDA:13,49,1,0
BRDA:13,49,2,0
BRDA:13,50,0,0
BRDA:13,50,1,0
BRDA:13,51,0,0
BRDA:13,51,1,0
BRDA:13,52,0,0
BRDA:13,52,1,0
BRDA:13,53,0,0
BRDA:13,53,1,0
BRDA:13,54,0,0
BRDA:13,54,1,0
BRDA:13,55,0,0
BRDA:13,55,1,0
BRDA:13,56,0,0
BRDA:13,56,1,0
BRDA:13,57,0,0
BRDA:13,57,1,0
BRDA:13,57,2,0
BRDA:13,57,3,0
BRDA:13,58,0,0
BRDA:13,58,1,0
BRDA:13,59,0,0
BRDA:13,59,1,0
BRDA:13,60,0,0
BRDA:13,60,1,0
BRDA:13,61,0,0
BRDA:13,61,1,0
BRDA:13,62,0,0
BRDA:13,62,1,0
BRDA:13,63,0,0
BRDA:13,63,1,0
BRDA:13,64,0,0
BRDA:13,64,1,0
BRDA:13,65,0,0
BRDA:13,65,1,0
BRDA:13,66,0,0
BRDA:13,66,1,0
BRDA:13,67,0,0
BRDA:13,67,1,0
BRDA:13,68,0,0
BRDA:13,68,1,0
BRDA:13,69,0,0
BRDA:13,69,1,0
BRDA:13,70,0,0
BRDA:13,70,1,0
BRDA:13,71,0,0
BRDA:13,71,1,0
BRDA:13,72,0,0
BRDA:13,72,1,0
BRDA:13,72,2,0
BRDA:13,73,0,0
BRDA:13,73,1,0
BRDA:13,73,2,0
BRDA:13,73,3,0
BRDA:13,73,4,0
BRDA:13,73,5,0
BRDA:13,74,0,0
BRDA:13,74,1,0
BRDA:13,75,0,0
BRDA:13,75,1,0
BRDA:13,76,0,0
BRDA:13,76,1,0
BRDA:13,77,0,0
BRDA:13,77,1,0
BRDA:13,78,0,0
BRDA:13,78,1,0
BRDA:13,79,0,0
BRDA:13,79,1,0
BRDA:13,80,0,0
BRDA:13,80,1,0
BRDA:13,80,2,0
BRDA:13,81,0,0
BRDA:13,81,1,0
BRDA:13,82,0,0
BRDA:13,82,1,0
BRDA:13,83,0,0
BRDA:13,83,1,0
BRDA:13,84,0,0
BRDA:13,84,1,0
BRDA:14,85,0,0
BRDA:14,85,1,0
BRDA:29,86,0,0
BRDA:29,86,1,2
BRDA:32,87,0,0
BRDA:32,87,1,0
BRDA:32,87,2,0
BRDA:32,87,3,0
BRF:195
BRH:4
end_of_record
TN:
SF:packages/api/services/dist/index.js
FN:7,(anonymous_0)
FN:12,get
FN:18,(anonymous_2)
FN:23,get
FN:29,(anonymous_4)
FN:34,get
FNF:6
FNH:4
FNDA:10,(anonymous_0)
FNDA:1,get
FNDA:8,(anonymous_2)
FNDA:0,get
FNDA:2,(anonymous_4)
FNDA:0,get
DA:3,2
DA:6,2
DA:7,2
DA:8,10
DA:9,10
DA:10,10
DA:13,1
DA:17,2
DA:18,2
DA:19,8
DA:20,8
DA:21,8
DA:24,0
DA:28,2
DA:29,2
DA:30,2
DA:31,2
DA:32,2
DA:35,0
LF:19
LH:17
BRDA:8,0,0,0
BRDA:8,0,1,10
BRDA:8,1,0,10
BRDA:8,1,1,10
BRDA:9,2,0,0
BRDA:9,2,1,10
BRDA:9,3,0,10
BRDA:9,3,1,0
BRDA:19,4,0,0
BRDA:19,4,1,8
BRDA:19,5,0,8
BRDA:19,5,1,8
BRDA:20,6,0,0
BRDA:20,6,1,8
BRDA:20,7,0,8
BRDA:20,7,1,0
BRDA:30,8,0,0
BRDA:30,8,1,2
BRDA:30,9,0,2
BRDA:30,9,1,2
BRDA:31,10,0,0
BRDA:31,10,1,2
BRDA:31,11,0,2
BRDA:31,11,1,0
BRF:24
BRH:15
end_of_record
TN:
SF:packages/api/services/dist/todo-list-item.services.js
FN:7,mapNewTodoListItem
FN:15,mapDeleteRequest
FN:22,mapFindByIdRequest
FN:28,mapUpdateListItemBody
FN:36,mapUpdateListItem
FNF:5
FNH:1
FNDA:1,mapNewTodoListItem
FNDA:0,mapDeleteRequest
FNDA:0,mapFindByIdRequest
FNDA:0,mapUpdateListItemBody
FNDA:0,mapUpdateListItem
DA:3,2
DA:6,2
DA:7,2
DA:8,1
DA:14,2
DA:15,2
DA:16,0
DA:21,2
DA:22,2
DA:23,0
DA:27,2
DA:28,2
DA:29,0
DA:35,2
DA:36,2
DA:37,0
DA:44,2
LF:17
LH:13
BRF:0
BRH:0
end_of_record
TN:
SF:packages/api/services/dist/todo-list.services.js
FN:7,mapNewTodoList
FN:16,mapTodoListDeleteRequest
FN:23,mapFindListByIdRequest
FN:29,mapGetAllTodoListsRequest
FNF:4
FNH:0
FNDA:0,mapNewTodoList
FNDA:0,mapTodoListDeleteRequest
FNDA:0,mapFindListByIdRequest
FNDA:0,mapGetAllTodoListsRequest
DA:3,2
DA:6,2
DA:7,2
DA:8,0
DA:9,0
DA:10,0
DA:15,2
DA:16,2
DA:17,0
DA:22,2
DA:23,2
DA:24,0
DA:28,2
DA:29,2
DA:30,0
DA:34,2
LF:16
LH:10
BRF:0
BRH:0
end_of_record
TN:
SF:packages/api/services/dist/user.services.js
FN:7,mapNewUser
FNF:1
FNH:0
FNDA:0,mapNewUser
DA:3,2
DA:6,2
DA:7,2
DA:8,0
DA:15,2
LF:5
LH:4
BRF:0
BRH:0
end_of_record
TN:
SF:packages/core/domain/entities/dist/enum.js
FN:7,(anonymous_0)
FN:13,(anonymous_1)
FN:20,(anonymous_2)
FN:26,(anonymous_3)
FNF:4
FNH:4
FNDA:2,(anonymous_0)
FNDA:2,(anonymous_1)
FNDA:2,(anonymous_2)
FNDA:2,(anonymous_3)
DA:3,2
DA:6,2
DA:7,2
DA:8,2
DA:9,2
DA:10,2
DA:12,2
DA:13,2
DA:14,2
DA:15,2
DA:16,2
DA:17,2
DA:19,2
DA:20,2
DA:21,2
DA:22,2
DA:23,2
DA:25,2
DA:26,2
DA:27,2
DA:28,2
DA:29,2
DA:31,2
LF:23
LH:23
BRF:0
BRH:0
end_of_record
TN:
SF:packages/core/domain/entities/dist/http.js
FNF:0
FNH:0
DA:3,2
LF:1
LH:1
BRF:0
BRH:0
end_of_record
TN:
SF:packages/core/domain/entities/dist/index.js
FN:7,(anonymous_0)
FN:12,get
FN:18,(anonymous_2)
FN:23,get
FN:29,(anonymous_4)
FN:34,get
FN:40,(anonymous_6)
FN:45,get
FN:51,(anonymous_8)
FN:56,get
FN:62,(anonymous_10)
FN:67,get
FNF:12
FNH:2
FNDA:0,(anonymous_0)
FNDA:0,get
FNDA:8,(anonymous_2)
FNDA:2,get
FNDA:0,(anonymous_4)
FNDA:0,get
FNDA:0,(anonymous_6)
FNDA:0,get
FNDA:0,(anonymous_8)
FNDA:0,get
FNDA:0,(anonymous_10)
FNDA:0,get
DA:3,2
DA:6,2
DA:7,2
DA:8,0
DA:9,0
DA:10,0
DA:13,0
DA:17,2
DA:18,2
DA:19,8
DA:20,8
DA:21,8
DA:24,2
DA:28,2
DA:29,2
DA:30,0
DA:31,0
DA:32,0
DA:35,0
DA:39,2
DA:40,2
DA:41,0
DA:42,0
DA:43,0
DA:46,0
DA:50,2
DA:51,2
DA:52,0
DA:53,0
DA:54,0
DA:57,0
DA:61,2
DA:62,2
DA:63,0
DA:64,0
DA:65,0
DA:68,0
LF:37
LH:17
BRDA:8,0,0,0
BRDA:8,0,1,0
BRDA:8,1,0,0
BRDA:8,1,1,0
BRDA:9,2,0,0
BRDA:9,2,1,0
BRDA:9,3,0,0
BRDA:9,3,1,0
BRDA:19,4,0,0
BRDA:19,4,1,8
BRDA:19,5,0,8
BRDA:19,5,1,8
BRDA:20,6,0,0
BRDA:20,6,1,8
BRDA:20,7,0,8
BRDA:20,7,1,0
BRDA:30,8,0,0
BRDA:30,8,1,0
BRDA:30,9,0,0
BRDA:30,9,1,0
BRDA:31,10,0,0
BRDA:31,10,1,0
BRDA:31,11,0,0
BRDA:31,11,1,0
BRDA:41,12,0,0
BRDA:41,12,1,0
BRDA:41,13,0,0
BRDA:41,13,1,0
BRDA:42,14,0,0
BRDA:42,14,1,0
BRDA:42,15,0,0
BRDA:42,15,1,0
BRDA:52,16,0,0
BRDA:52,16,1,0
BRDA:52,17,0,0
BRDA:52,17,1,0
BRDA:53,18,0,0
BRDA:53,18,1,0
BRDA:53,19,0,0
BRDA:53,19,1,0
BRDA:63,20,0,0
BRDA:63,20,1,0
BRDA:63,21,0,0
BRDA:63,21,1,0
BRDA:64,22,0,0
BRDA:64,22,1,0
BRDA:64,23,0,0
BRDA:64,23,1,0
BRF:48
BRH:5
end_of_record
TN:
SF:packages/core/domain/entities/dist/todolist.js
FNF:0
FNH:0
DA:3,2
LF:1
LH:1
BRF:0
BRH:0
end_of_record
TN:
SF:packages/core/domain/entities/dist/todolistitem.js
FNF:0
FNH:0
DA:3,2
LF:1
LH:1
BRF:0
BRH:0
end_of_record
TN:
SF:packages/core/domain/entities/dist/todolists.js
FNF:0
FNH:0
DA:3,2
LF:1
LH:1
BRF:0
BRH:0
end_of_record
TN:
SF:packages/core/domain/entities/dist/user.js
FNF:0
FNH:0
DA:3,2
LF:1
LH:1
BRF:0
BRH:0
end_of_record
